# JRE version: OpenJDK Runtime Environment (8.0_212-b04) (build 1.8.0_212-b04)
# Java VM: OpenJDK 64-Bit Server VM (25.212-b04 mixed mode linux-amd64 compressed oops)
Heap:
 def new generation   total 140480K, used 0K [0x00000000e0000000, 0x00000000e9860000, 0x00000000eaaa0000)
  eden space 124928K,   0% used [0x00000000e0000000, 0x00000000e0000000, 0x00000000e7a00000)
  from space 15552K,   0% used [0x00000000e8930000, 0x00000000e8930000, 0x00000000e9860000)
  to   space 15552K,   0% used [0x00000000e7a00000, 0x00000000e7a00000, 0x00000000e8930000)
 tenured generation   total 349568K, used 210153K [0x00000000eaaa0000, 0x0000000100000000, 0x0000000100000000)
   the space 349568K,  60% used [0x00000000eaaa0000, 0x00000000f77da520, 0x00000000f77da600, 0x0000000100000000)
 Metaspace       used 39248K, capacity 39770K, committed 40192K, reserved 1085440K
  class space    used 4828K, capacity 5007K, committed 5120K, reserved 1048576K
GC Heap History (125 events):
Event: 3.923 GC heap before
{Heap before GC invocations=0 (full 0):
 def new generation   total 78656K, used 68805K [0x00000000e0000000, 0x00000000e5550000, 0x00000000eaaa0000)
  eden space 69952K,  98% used [0x00000000e0000000, 0x00000000e4331570, 0x00000000e4450000)
  from space 8704K,   0% used [0x00000000e4450000, 0x00000000e4450000, 0x00000000e4cd0000)
  to   space 8704K,   0% used [0x00000000e4cd0000, 0x00000000e4cd0000, 0x00000000e5550000)
 tenured generation   total 174784K, used 0K [0x00000000eaaa0000, 0x00000000f5550000, 0x0000000100000000)
   the space 174784K,   0% used [0x00000000eaaa0000, 0x00000000eaaa0000, 0x00000000eaaa0200, 0x00000000f5550000)
 Metaspace       used 12988K, capacity 13198K, committed 13312K, reserved 1060864K
  class space    used 1414K, capacity 1471K, committed 1536K, reserved 1048576K
Event: 3.950 GC heap after
Heap after GC invocations=1 (full 0):
 def new generation   total 78656K, used 8703K [0x00000000e0000000, 0x00000000e5550000, 0x00000000eaaa0000)
  eden space 69952K,   0% used [0x00000000e0000000, 0x00000000e0000000, 0x00000000e4450000)
  from space 8704K,  99% used [0x00000000e4cd0000, 0x00000000e554fff8, 0x00000000e5550000)
  to   space 8704K,   0% used [0x00000000e4450000, 0x00000000e4450000, 0x00000000e4cd0000)
 tenured generation   total 174784K, used 10683K [0x00000000eaaa0000, 0x00000000f5550000, 0x0000000100000000)
   the space 174784K,   6% used [0x00000000eaaa0000, 0x00000000eb50ef60, 0x00000000eb50f000, 0x00000000f5550000)
 Metaspace       used 12988K, capacity 13198K, committed 13312K, reserved 1060864K
  class space    used 1414K, capacity 1471K, committed 1536K, reserved 1048576K
}
Event: 4.754 GC heap before
{Heap before GC invocations=1 (full 0):
 def new generation   total 78656K, used 78655K [0x00000000e0000000, 0x00000000e5550000, 0x00000000eaaa0000)
  eden space 69952K, 100% used [0x00000000e0000000, 0x00000000e4450000, 0x00000000e4450000)
  from space 8704K,  99% used [0x00000000e4cd0000, 0x00000000e554fff8, 0x00000000e5550000)
  to   space 8704K,   0% used [0x00000000e4450000, 0x00000000e4450000, 0x00000000e4cd0000)
 tenured generation   total 174784K, used 10683K [0x00000000eaaa0000, 0x00000000f5550000, 0x0000000100000000)
   the space 174784K,   6% used [0x00000000eaaa0000, 0x00000000eb50ef60, 0x00000000eb50f000, 0x00000000f5550000)
 Metaspace       used 13609K, capacity 13774K, committed 13824K, reserved 1060864K
  class space    used 1477K, capacity 1535K, committed 1536K, reserved 1048576K
Event: 4.780 GC heap after
Heap after GC invocations=2 (full 0):
 def new generation   total 78656K, used 8704K [0x00000000e0000000, 0x00000000e5550000, 0x00000000eaaa0000)
  eden space 69952K,   0% used [0x00000000e0000000, 0x00000000e0000000, 0x00000000e4450000)
  from space 8704K, 100% used [0x00000000e4450000, 0x00000000e4cd0000, 0x00000000e4cd0000)
  to   space 8704K,   0% used [0x00000000e4cd0000, 0x00000000e4cd0000, 0x00000000e5550000)
 tenured generation   total 174784K, used 22843K [0x00000000eaaa0000, 0x00000000f5550000, 0x0000000100000000)
   the space 174784K,  13% used [0x00000000eaaa0000, 0x00000000ec0eec70, 0x00000000ec0eee00, 0x00000000f5550000)
 Metaspace       used 13609K, capacity 13774K, committed 13824K, reserved 1060864K
  class space    used 1477K, capacity 1535K, committed 1536K, reserved 1048576K
}
Event: 5.402 GC heap before
{Heap before GC invocations=2 (full 0):
 def new generation   total 78656K, used 78656K [0x00000000e0000000, 0x00000000e5550000, 0x00000000eaaa0000)
  eden space 69952K, 100% used [0x00000000e0000000, 0x00000000e4450000, 0x00000000e4450000)
  from space 8704K, 100% used [0x00000000e4450000, 0x00000000e4cd0000, 0x00000000e4cd0000)
  to   space 8704K,   0% used [0x00000000e4cd0000, 0x00000000e4cd0000, 0x00000000e5550000)
 tenured generation   total 174784K, used 22843K [0x00000000eaaa0000, 0x00000000f5550000, 0x0000000100000000)
   the space 174784K,  13% used [0x00000000eaaa0000, 0x00000000ec0eec70, 0x00000000ec0eee00, 0x00000000f5550000)
 Metaspace       used 14336K, capacity 14478K, committed 14720K, reserved 1062912K
  class space    used 1554K, capacity 1599K, committed 1664K, reserved 1048576K
Event: 5.433 GC heap after
Heap after GC invocations=3 (full 0):
 def new generation   total 78656K, used 8703K [0x00000000e0000000, 0x00000000e5550000, 0x00000000eaaa0000)
  eden space 69952K,   0% used [0x00000000e0000000, 0x00000000e0000000, 0x00000000e4450000)
  from space 8704K,  99% used [0x00000000e4cd0000, 0x00000000e554fff8, 0x00000000e5550000)
  to   space 8704K,   0% used [0x00000000e4450000, 0x00000000e4450000, 0x00000000e4cd0000)
 tenured generation   total 174784K, used 27196K [0x00000000eaaa0000, 0x00000000f5550000, 0x0000000100000000)
   the space 174784K,  15% used [0x00000000eaaa0000, 0x00000000ec52f108, 0x00000000ec52f200, 0x00000000f5550000)
 Metaspace       used 14336K, capacity 14478K, committed 14720K, reserved 1062912K
  class space    used 1554K, capacity 1599K, committed 1664K, reserved 1048576K
}
Event: 5.867 GC heap before
{Heap before GC invocations=3 (full 0):
 def new generation   total 78656K, used 78655K [0x00000000e0000000, 0x00000000e5550000, 0x00000000eaaa0000)
  eden space 69952K, 100% used [0x00000000e0000000, 0x00000000e4450000, 0x00000000e4450000)
  from space 8704K,  99% used [0x00000000e4cd0000, 0x00000000e554fff8, 0x00000000e5550000)
  to   space 8704K,   0% used [0x00000000e4450000, 0x00000000e4450000, 0x00000000e4cd0000)
 tenured generation   total 174784K, used 27196K [0x00000000eaaa0000, 0x00000000f5550000, 0x0000000100000000)
   the space 174784K,  15% used [0x00000000eaaa0000, 0x00000000ec52f108, 0x00000000ec52f200, 0x00000000f5550000)
 Metaspace       used 14892K, capacity 15054K, committed 15232K, reserved 1062912K
  class space    used 1612K, capacity 1663K, committed 1664K, reserved 1048576K
Event: 5.882 GC heap after
Heap after GC invocations=4 (full 0):
 def new generation   total 78656K, used 1793K [0x00000000e0000000, 0x00000000e5550000, 0x00000000eaaa0000)
  eden space 69952K,   0% used [0x00000000e0000000, 0x00000000e0000000, 0x00000000e4450000)
  from space 8704K,  20% used [0x00000000e4450000, 0x00000000e46105e0, 0x00000000e4cd0000)
  to   space 8704K,   0% used [0x00000000e4cd0000, 0x00000000e4cd0000, 0x00000000e5550000)
 tenured generation   total 174784K, used 34412K [0x00000000eaaa0000, 0x00000000f5550000, 0x0000000100000000)
   the space 174784K,  19% used [0x00000000eaaa0000, 0x00000000ecc3b158, 0x00000000ecc3b200, 0x00000000f5550000)
 Metaspace       used 14892K, capacity 15054K, committed 15232K, reserved 1062912K
  class space    used 1612K, capacity 1663K, committed 1664K, reserved 1048576K
}
Event: 7.782 GC heap before
{Heap before GC invocations=4 (full 0):
 def new generation   total 78656K, used 71745K [0x00000000e0000000, 0x00000000e5550000, 0x00000000eaaa0000)
  eden space 69952K, 100% used [0x00000000e0000000, 0x00000000e4450000, 0x00000000e4450000)
  from space 8704K,  20% used [0x00000000e4450000, 0x00000000e46105e0, 0x00000000e4cd0000)
  to   space 8704K,   0% used [0x00000000e4cd0000, 0x00000000e4cd0000, 0x00000000e5550000)
 tenured generation   total 174784K, used 34412K [0x00000000eaaa0000, 0x00000000f5550000, 0x0000000100000000)
   the space 174784K,  19% used [0x00000000eaaa0000, 0x00000000ecc3b158, 0x00000000ecc3b200, 0x00000000f5550000)
 Metaspace       used 15586K, capacity 15738K, committed 16128K, reserved 1062912K
  class space    used 1668K, capacity 1697K, committed 1792K, reserved 1048576K
Event: 7.789 GC heap after
Heap after GC invocations=5 (full 0):
 def new generation   total 78656K, used 3680K [0x00000000e0000000, 0x00000000e5550000, 0x00000000eaaa0000)
  eden space 69952K,   0% used [0x00000000e0000000, 0x00000000e0000000, 0x00000000e4450000)
  from space 8704K,  42% used [0x00000000e4cd0000, 0x00000000e50683d0, 0x00000000e5550000)
  to   space 8704K,   0% used [0x00000000e4450000, 0x00000000e4450000, 0x00000000e4cd0000)
 tenured generation   total 174784K, used 34412K [0x00000000eaaa0000, 0x00000000f5550000, 0x0000000100000000)
   the space 174784K,  19% used [0x00000000eaaa0000, 0x00000000ecc3b158, 0x00000000ecc3b200, 0x00000000f5550000)
 Metaspace       used 15586K, capacity 15738K, committed 16128K, reserved 1062912K
  class space    used 1668K, capacity 1697K, committed 1792K, reserved 1048576K
}
Event: 8.251 GC heap before
{Heap before GC invocations=5 (full 0):
 def new generation   total 78656K, used 73632K [0x00000000e0000000, 0x00000000e5550000, 0x00000000eaaa0000)
  eden space 69952K, 100% used [0x00000000e0000000, 0x00000000e4450000, 0x00000000e4450000)
  from space 8704K,  42% used [0x00000000e4cd0000, 0x00000000e50683d0, 0x00000000e5550000)
  to   space 8704K,   0% used [0x00000000e4450000, 0x00000000e4450000, 0x00000000e4cd0000)
 tenured generation   total 174784K, used 34412K [0x00000000eaaa0000, 0x00000000f5550000, 0x0000000100000000)
   the space 174784K,  19% used [0x00000000eaaa0000, 0x00000000ecc3b158, 0x00000000ecc3b200, 0x00000000f5550000)
 Metaspace       used 16421K, capacity 16570K, committed 16768K, reserved 1064960K
  class space    used 1787K, capacity 1825K, committed 1920K, reserved 1048576K
Event: 8.262 GC heap after
Heap after GC invocations=6 (full 0):
 def new generation   total 78656K, used 5406K [0x00000000e0000000, 0x00000000e5550000, 0x00000000eaaa0000)
  eden space 69952K,   0% used [0x00000000e0000000, 0x00000000e0000000, 0x00000000e4450000)
  from space 8704K,  62% used [0x00000000e4450000, 0x00000000e4997840, 0x00000000e4cd0000)
  to   space 8704K,   0% used [0x00000000e4cd0000, 0x00000000e4cd0000, 0x00000000e5550000)
 tenured generation   total 174784K, used 34412K [0x00000000eaaa0000, 0x00000000f5550000, 0x0000000100000000)
   the space 174784K,  19% used [0x00000000eaaa0000, 0x00000000ecc3b158, 0x00000000ecc3b200, 0x00000000f5550000)
 Metaspace       used 16421K, capacity 16570K, committed 16768K, reserved 1064960K
  class space    used 1787K, capacity 1825K, committed 1920K, reserved 1048576K
}
Event: 8.664 GC heap before
{Heap before GC invocations=6 (full 0):
 def new generation   total 78656K, used 75358K [0x00000000e0000000, 0x00000000e5550000, 0x00000000eaaa0000)
  eden space 69952K, 100% used [0x00000000e0000000, 0x00000000e4450000, 0x00000000e4450000)
  from space 8704K,  62% used [0x00000000e4450000, 0x00000000e4997840, 0x00000000e4cd0000)
  to   space 8704K,   0% used [0x00000000e4cd0000, 0x00000000e4cd0000, 0x00000000e5550000)
 tenured generation   total 174784K, used 34412K [0x00000000eaaa0000, 0x00000000f5550000, 0x0000000100000000)
   the space 174784K,  19% used [0x00000000eaaa0000, 0x00000000ecc3b158, 0x00000000ecc3b200, 0x00000000f5550000)
 Metaspace       used 17474K, capacity 17690K, committed 18048K, reserved 1064960K
  class space    used 2020K, capacity 2049K, committed 2176K, reserved 1048576K
Event: 8.693 GC heap after
Heap after GC invocations=7 (full 0):
 def new generation   total 78656K, used 4799K [0x00000000e0000000, 0x00000000e5550000, 0x00000000eaaa0000)
  eden space 69952K,   0% used [0x00000000e0000000, 0x00000000e0000000, 0x00000000e4450000)
  from space 8704K,  55% used [0x00000000e4cd0000, 0x00000000e517fdf8, 0x00000000e5550000)
  to   space 8704K,   0% used [0x00000000e4450000, 0x00000000e4450000, 0x00000000e4cd0000)
 tenured generation   total 174784K, used 35528K [0x00000000eaaa0000, 0x00000000f5550000, 0x0000000100000000)
   the space 174784K,  20% used [0x00000000eaaa0000, 0x00000000ecd52340, 0x00000000ecd52400, 0x00000000f5550000)
 Metaspace       used 17474K, capacity 17690K, committed 18048K, reserved 1064960K
  class space    used 2020K, capacity 2049K, committed 2176K, reserved 1048576K
}
Event: 9.089 GC heap before
{Heap before GC invocations=7 (full 0):
 def new generation   total 78656K, used 74751K [0x00000000e0000000, 0x00000000e5550000, 0x00000000eaaa0000)
  eden space 69952K, 100% used [0x00000000e0000000, 0x00000000e4450000, 0x00000000e4450000)
  from space 8704K,  55% used [0x00000000e4cd0000, 0x00000000e517fdf8, 0x00000000e5550000)
  to   space 8704K,   0% used [0x00000000e4450000, 0x00000000e4450000, 0x00000000e4cd0000)
 tenured generation   total 174784K, used 35528K [0x00000000eaaa0000, 0x00000000f5550000, 0x0000000100000000)
   the space 174784K,  20% used [0x00000000eaaa0000, 0x00000000ecd52340, 0x00000000ecd52400, 0x00000000f5550000)
 Metaspace       used 18303K, capacity 18490K, committed 18688K, reserved 1064960K
  class space    used 2175K, capacity 2209K, committed 2304K, reserved 1048576K
Event: 9.106 GC heap after
Heap after GC invocations=8 (full 0):
 def new generation   total 78656K, used 6460K [0x00000000e0000000, 0x00000000e5550000, 0x00000000eaaa0000)
  eden space 69952K,   0% used [0x00000000e0000000, 0x00000000e0000000, 0x00000000e4450000)
  from space 8704K,  74% used [0x00000000e4450000, 0x00000000e4a9f3c8, 0x00000000e4cd0000)
  to   space 8704K,   0% used [0x00000000e4cd0000, 0x00000000e4cd0000, 0x00000000e5550000)
 tenured generation   total 174784K, used 36944K [0x00000000eaaa0000, 0x00000000f5550000, 0x0000000100000000)
   the space 174784K,  21% used [0x00000000eaaa0000, 0x00000000eceb4160, 0x00000000eceb4200, 0x00000000f5550000)
 Metaspace       used 18303K, capacity 18490K, committed 18688K, reserved 1064960K
  class space    used 2175K, capacity 2209K, committed 2304K, reserved 1048576K
}
Event: 9.567 GC heap before
{Heap before GC invocations=8 (full 0):
 def new generation   total 78656K, used 76412K [0x00000000e0000000, 0x00000000e5550000, 0x00000000eaaa0000)
  eden space 69952K, 100% used [0x00000000e0000000, 0x00000000e4450000, 0x00000000e4450000)
  from space 8704K,  74% used [0x00000000e4450000, 0x00000000e4a9f3c8, 0x00000000e4cd0000)
  to   space 8704K,   0% used [0x00000000e4cd0000, 0x00000000e4cd0000, 0x00000000e5550000)
 tenured generation   total 174784K, used 36944K [0x00000000eaaa0000, 0x00000000f5550000, 0x0000000100000000)
   the space 174784K,  21% used [0x00000000eaaa0000, 0x00000000eceb4160, 0x00000000eceb4200, 0x00000000f5550000)
 Metaspace       used 19334K, capacity 19488K, committed 19712K, reserved 1067008K
  class space    used 2367K, capacity 2434K, committed 2560K, reserved 1048576K
Event: 9.608 GC heap after
Heap after GC invocations=9 (full 0):
 def new generation   total 78656K, used 6291K [0x00000000e0000000, 0x00000000e5550000, 0x00000000eaaa0000)
  eden space 69952K,   0% used [0x00000000e0000000, 0x00000000e0000000, 0x00000000e4450000)
  from space 8704K,  72% used [0x00000000e4cd0000, 0x00000000e52f4e98, 0x00000000e5550000)
  to   space 8704K,   0% used [0x00000000e4450000, 0x00000000e4450000, 0x00000000e4cd0000)
 tenured generation   total 174784K, used 39802K [0x00000000eaaa0000, 0x00000000f5550000, 0x0000000100000000)
   the space 174784K,  22% used [0x00000000eaaa0000, 0x00000000ed17e960, 0x00000000ed17ea00, 0x00000000f5550000)
 Metaspace       used 19334K, capacity 19488K, committed 19712K, reserved 1067008K
  class space    used 2367K, capacity 2434K, committed 2560K, reserved 1048576K
}
Event: 10.047 GC heap before
{Heap before GC invocations=9 (full 0):
 def new generation   total 78656K, used 71313K [0x00000000e0000000, 0x00000000e5550000, 0x00000000eaaa0000)
  eden space 69952K,  92% used [0x00000000e0000000, 0x00000000e3f7f618, 0x00000000e4450000)
  from space 8704K,  72% used [0x00000000e4cd0000, 0x00000000e52f4e98, 0x00000000e5550000)
  to   space 8704K,   0% used [0x00000000e4450000, 0x00000000e4450000, 0x00000000e4cd0000)
 tenured generation   total 174784K, used 39802K [0x00000000eaaa0000, 0x00000000f5550000, 0x0000000100000000)
   the space 174784K,  22% used [0x00000000eaaa0000, 0x00000000ed17e960, 0x00000000ed17ea00, 0x00000000f5550000)
 Metaspace       used 20909K, capacity 21114K, committed 21296K, reserved 1069056K
  class space    used 2566K, capacity 2677K, committed 2688K, reserved 1048576K
Event: 10.211 GC heap after
Heap after GC invocations=10 (full 1):
 def new generation   total 78720K, used 0K [0x00000000e0000000, 0x00000000e5560000, 0x00000000eaaa0000)
  eden space 70016K,   0% used [0x00000000e0000000, 0x00000000e0000000, 0x00000000e4460000)
  from space 8704K,   0% used [0x00000000e4460000, 0x00000000e4460000, 0x00000000e4ce0000)
  to   space 8704K,   0% used [0x00000000e4ce0000, 0x00000000e4ce0000, 0x00000000e5560000)
 tenured generation   total 174784K, used 36315K [0x00000000eaaa0000, 0x00000000f5550000, 0x0000000100000000)
   the space 174784K,  20% used [0x00000000eaaa0000, 0x00000000ece16cc0, 0x00000000ece16e00, 0x00000000f5550000)
 Metaspace       used 20909K, capacity 21114K, committed 21296K, reserved 1069056K
  class space    used 2566K, capacity 2677K, committed 2688K, reserved 1048576K
}
Event: 10.842 GC heap before
{Heap before GC invocations=10 (full 1):
 def new generation   total 78720K, used 70016K [0x00000000e0000000, 0x00000000e5560000, 0x00000000eaaa0000)
  eden space 70016K, 100% used [0x00000000e0000000, 0x00000000e4460000, 0x00000000e4460000)
  from space 8704K,   0% used [0x00000000e4460000, 0x00000000e4460000, 0x00000000e4ce0000)
  to   space 8704K,   0% used [0x00000000e4ce0000, 0x00000000e4ce0000, 0x00000000e5560000)
 tenured generation   total 174784K, used 36315K [0x00000000eaaa0000, 0x00000000f5550000, 0x0000000100000000)
   the space 174784K,  20% used [0x00000000eaaa0000, 0x00000000ece16cc0, 0x00000000ece16e00, 0x00000000f5550000)
 Metaspace       used 22187K, capacity 22426K, committed 22832K, reserved 1069056K
  class space    used 2754K, capacity 2837K, committed 2944K, reserved 1048576K
Event: 10.849 GC heap after
Heap after GC invocations=11 (full 1):
 def new generation   total 78720K, used 2726K [0x00000000e0000000, 0x00000000e5560000, 0x00000000eaaa0000)
  eden space 70016K,   0% used [0x00000000e0000000, 0x00000000e0000000, 0x00000000e4460000)
  from space 8704K,  31% used [0x00000000e4ce0000, 0x00000000e4f89890, 0x00000000e5560000)
  to   space 8704K,   0% used [0x00000000e4460000, 0x00000000e4460000, 0x00000000e4ce0000)
 tenured generation   total 174784K, used 36315K [0x00000000eaaa0000, 0x00000000f5550000, 0x0000000100000000)
   the space 174784K,  20% used [0x00000000eaaa0000, 0x00000000ece16cc0, 0x00000000ece16e00, 0x00000000f5550000)
 Metaspace       used 22187K, capacity 22426K, committed 22832K, reserved 1069056K
  class space    used 2754K, capacity 2837K, committed 2944K, reserved 1048576K
}
Event: 11.367 GC heap before
{Heap before GC invocations=11 (full 1):
 def new generation   total 78720K, used 72742K [0x00000000e0000000, 0x00000000e5560000, 0x00000000eaaa0000)
  eden space 70016K, 100% used [0x00000000e0000000, 0x00000000e4460000, 0x00000000e4460000)
  from space 8704K,  31% used [0x00000000e4ce0000, 0x00000000e4f89890, 0x00000000e5560000)
  to   space 8704K,   0% used [0x00000000e4460000, 0x00000000e4460000, 0x00000000e4ce0000)
 tenured generation   total 174784K, used 36315K [0x00000000eaaa0000, 0x00000000f5550000, 0x0000000100000000)
   the space 174784K,  20% used [0x00000000eaaa0000, 0x00000000ece16cc0, 0x00000000ece16e00, 0x00000000f5550000)
 Metaspace       used 23004K, capacity 23258K, committed 23552K, reserved 1069056K
  class space    used 2862K, capacity 2965K, committed 3072K, reserved 1048576K
Event: 11.381 GC heap after
Heap after GC invocations=12 (full 1):
 def new generation   total 78720K, used 8703K [0x00000000e0000000, 0x00000000e5560000, 0x00000000eaaa0000)
  eden space 70016K,   0% used [0x00000000e0000000, 0x00000000e0000000, 0x00000000e4460000)
  from space 8704K,  99% used [0x00000000e4460000, 0x00000000e4cdfff0, 0x00000000e4ce0000)
  to   space 8704K,   0% used [0x00000000e4ce0000, 0x00000000e4ce0000, 0x00000000e5560000)
 tenured generation   total 174784K, used 36620K [0x00000000eaaa0000, 0x00000000f5550000, 0x0000000100000000)
   the space 174784K,  20% used [0x00000000eaaa0000, 0x00000000ece631a0, 0x00000000ece63200, 0x00000000f5550000)
 Metaspace       used 23004K, capacity 23258K, committed 23552K, reserved 1069056K
  class space    used 2862K, capacity 2965K, committed 3072K, reserved 1048576K
}
Event: 12.627 GC heap before
{Heap before GC invocations=12 (full 1):
 def new generation   total 78720K, used 78719K [0x00000000e0000000, 0x00000000e5560000, 0x00000000eaaa0000)
  eden space 70016K, 100% used [0x00000000e0000000, 0x00000000e4460000, 0x00000000e4460000)
  from space 8704K,  99% used [0x00000000e4460000, 0x00000000e4cdfff0, 0x00000000e4ce0000)
  to   space 8704K,   0% used [0x00000000e4ce0000, 0x00000000e4ce0000, 0x00000000e5560000)
 tenured generation   total 174784K, used 36620K [0x00000000eaaa0000, 0x00000000f5550000, 0x0000000100000000)
   the space 174784K,  20% used [0x00000000eaaa0000, 0x00000000ece631a0, 0x00000000ece63200, 0x00000000f5550000)
 Metaspace       used 23031K, capacity 23322K, committed 23552K, reserved 1069056K
  class space    used 2864K, capacity 2965K, committed 3072K, reserved 1048576K
Event: 12.684 GC heap after
Heap after GC invocations=13 (full 1):
 def new generation   total 78720K, used 8704K [0x00000000e0000000, 0x00000000e5560000, 0x00000000eaaa0000)
  eden space 70016K,   0% used [0x00000000e0000000, 0x00000000e0000000, 0x00000000e4460000)
  from space 8704K, 100% used [0x00000000e4ce0000, 0x00000000e5560000, 0x00000000e5560000)
  to   space 8704K,   0% used [0x00000000e4460000, 0x00000000e4460000, 0x00000000e4ce0000)
 tenured generation   total 174784K, used 48622K [0x00000000eaaa0000, 0x00000000f5550000, 0x0000000100000000)
   the space 174784K,  27% used [0x00000000eaaa0000, 0x00000000eda1b808, 0x00000000eda1ba00, 0x00000000f5550000)
 Metaspace       used 23031K, capacity 23322K, committed 23552K, reserved 1069056K
  class space    used 2864K, capacity 2965K, committed 3072K, reserved 1048576K
}
Event: 13.696 GC heap before
{Heap before GC invocations=13 (full 1):
 def new generation   total 78720K, used 78720K [0x00000000e0000000, 0x00000000e5560000, 0x00000000eaaa0000)
  eden space 70016K, 100% used [0x00000000e0000000, 0x00000000e4460000, 0x00000000e4460000)
  from space 8704K, 100% used [0x00000000e4ce0000, 0x00000000e5560000, 0x00000000e5560000)
  to   space 8704K,   0% used [0x00000000e4460000, 0x00000000e4460000, 0x00000000e4ce0000)
 tenured generation   total 174784K, used 48622K [0x00000000eaaa0000, 0x00000000f5550000, 0x0000000100000000)
   the space 174784K,  27% used [0x00000000eaaa0000, 0x00000000eda1b808, 0x00000000eda1ba00, 0x00000000f5550000)
 Metaspace       used 23031K, capacity 23322K, committed 23552K, reserved 1069056K
  class space    used 2864K, capacity 2965K, committed 3072K, reserved 1048576K
Event: 13.717 GC heap after
Heap after GC invocations=14 (full 1):
 def new generation   total 78720K, used 8704K [0x00000000e0000000, 0x00000000e5560000, 0x00000000eaaa0000)
  eden space 70016K,   0% used [0x00000000e0000000, 0x00000000e0000000, 0x00000000e4460000)
  from space 8704K, 100% used [0x00000000e4460000, 0x00000000e4ce0000, 0x00000000e4ce0000)
  to   space 8704K,   0% used [0x00000000e4ce0000, 0x00000000e4ce0000, 0x00000000e5560000)
 tenured generation   total 174784K, used 61570K [0x00000000eaaa0000, 0x00000000f5550000, 0x0000000100000000)
   the space 174784K,  35% used [0x00000000eaaa0000, 0x00000000ee6c0808, 0x00000000ee6c0a00, 0x00000000f5550000)
 Metaspace       used 23031K, capacity 23322K, committed 23552K, reserved 1069056K
  class space    used 2864K, capacity 2965K, committed 3072K, reserved 1048576K
}
Event: 14.497 GC heap before
{Heap before GC invocations=14 (full 1):
 def new generation   total 78720K, used 78720K [0x00000000e0000000, 0x00000000e5560000, 0x00000000eaaa0000)
  eden space 70016K, 100% used [0x00000000e0000000, 0x00000000e4460000, 0x00000000e4460000)
  from space 8704K, 100% used [0x00000000e4460000, 0x00000000e4ce0000, 0x00000000e4ce0000)
  to   space 8704K,   0% used [0x00000000e4ce0000, 0x00000000e4ce0000, 0x00000000e5560000)
 tenured generation   total 174784K, used 61570K [0x00000000eaaa0000, 0x00000000f5550000, 0x0000000100000000)
   the space 174784K,  35% used [0x00000000eaaa0000, 0x00000000ee6c0808, 0x00000000ee6c0a00, 0x00000000f5550000)
 Metaspace       used 23406K, capacity 23616K, committed 23808K, reserved 1071104K
  class space    used 2916K, capacity 2998K, committed 3072K, reserved 1048576K
Event: 14.538 GC heap after
Heap after GC invocations=15 (full 1):
 def new generation   total 78720K, used 8704K [0x00000000e0000000, 0x00000000e5560000, 0x00000000eaaa0000)
  eden space 70016K,   0% used [0x00000000e0000000, 0x00000000e0000000, 0x00000000e4460000)
  from space 8704K, 100% used [0x00000000e4ce0000, 0x00000000e5560000, 0x00000000e5560000)
  to   space 8704K,   0% used [0x00000000e4460000, 0x00000000e4460000, 0x00000000e4ce0000)
 tenured generation   total 174784K, used 74373K [0x00000000eaaa0000, 0x00000000f5550000, 0x0000000100000000)
   the space 174784K,  42% used [0x00000000eaaa0000, 0x00000000ef341438, 0x00000000ef341600, 0x00000000f5550000)
 Metaspace       used 23406K, capacity 23616K, committed 23808K, reserved 1071104K
  class space    used 2916K, capacity 2998K, committed 3072K, reserved 1048576K
}
Event: 14.945 GC heap before
{Heap before GC invocations=15 (full 1):
 def new generation   total 78720K, used 78720K [0x00000000e0000000, 0x00000000e5560000, 0x00000000eaaa0000)
  eden space 70016K, 100% used [0x00000000e0000000, 0x00000000e4460000, 0x00000000e4460000)
  from space 8704K, 100% used [0x00000000e4ce0000, 0x00000000e5560000, 0x00000000e5560000)
  to   space 8704K,   0% used [0x00000000e4460000, 0x00000000e4460000, 0x00000000e4ce0000)
 tenured generation   total 174784K, used 74373K [0x00000000eaaa0000, 0x00000000f5550000, 0x0000000100000000)
   the space 174784K,  42% used [0x00000000eaaa0000, 0x00000000ef341438, 0x00000000ef341600, 0x00000000f5550000)
 Metaspace       used 23880K, capacity 24128K, committed 24320K, reserved 1071104K
  class space    used 2987K, capacity 3062K, committed 3072K, reserved 1048576K
Event: 14.974 GC heap after
Heap after GC invocations=16 (full 1):
 def new generation   total 78720K, used 5263K [0x00000000e0000000, 0x00000000e5560000, 0x00000000eaaa0000)
  eden space 70016K,   0% used [0x00000000e0000000, 0x00000000e0000000, 0x00000000e4460000)
  from space 8704K,  60% used [0x00000000e4460000, 0x00000000e4983d70, 0x00000000e4ce0000)
  to   space 8704K,   0% used [0x00000000e4ce0000, 0x00000000e4ce0000, 0x00000000e5560000)
 tenured generation   total 174784K, used 76660K [0x00000000eaaa0000, 0x00000000f5550000, 0x0000000100000000)
   the space 174784K,  43% used [0x00000000eaaa0000, 0x00000000ef57d220, 0x00000000ef57d400, 0x00000000f5550000)
 Metaspace       used 23880K, capacity 24128K, committed 24320K, reserved 1071104K
  class space    used 2987K, capacity 3062K, committed 3072K, reserved 1048576K
}
Event: 15.235 GC heap before
{Heap before GC invocations=16 (full 1):
 def new generation   total 78720K, used 75279K [0x00000000e0000000, 0x00000000e5560000, 0x00000000eaaa0000)
  eden space 70016K, 100% used [0x00000000e0000000, 0x00000000e4460000, 0x00000000e4460000)
  from space 8704K,  60% used [0x00000000e4460000, 0x00000000e4983d70, 0x00000000e4ce0000)
  to   space 8704K,   0% used [0x00000000e4ce0000, 0x00000000e4ce0000, 0x00000000e5560000)
 tenured generation   total 174784K, used 76660K [0x00000000eaaa0000, 0x00000000f5550000, 0x0000000100000000)
   the space 174784K,  43% used [0x00000000eaaa0000, 0x00000000ef57d220, 0x00000000ef57d400, 0x00000000f5550000)
 Metaspace       used 24416K, capacity 24640K, committed 24960K, reserved 1071104K
  class space    used 3051K, capacity 3126K, committed 3200K, reserved 1048576K
Event: 15.245 GC heap after
Heap after GC invocations=17 (full 1):
 def new generation   total 78720K, used 1847K [0x00000000e0000000, 0x00000000e5560000, 0x00000000eaaa0000)
  eden space 70016K,   0% used [0x00000000e0000000, 0x00000000e0000000, 0x00000000e4460000)
  from space 8704K,  21% used [0x00000000e4ce0000, 0x00000000e4eade20, 0x00000000e5560000)
  to   space 8704K,   0% used [0x00000000e4460000, 0x00000000e4460000, 0x00000000e4ce0000)
 tenured generation   total 174784K, used 80486K [0x00000000eaaa0000, 0x00000000f5550000, 0x0000000100000000)
   the space 174784K,  46% used [0x00000000eaaa0000, 0x00000000ef939850, 0x00000000ef939a00, 0x00000000f5550000)
 Metaspace       used 24416K, capacity 24640K, committed 24960K, reserved 1071104K
  class space    used 3051K, capacity 3126K, committed 3200K, reserved 1048576K
}
Event: 15.613 GC heap before
{Heap before GC invocations=17 (full 1):
 def new generation   total 78720K, used 71863K [0x00000000e0000000, 0x00000000e5560000, 0x00000000eaaa0000)
  eden space 70016K, 100% used [0x00000000e0000000, 0x00000000e4460000, 0x00000000e4460000)
  from space 8704K,  21% used [0x00000000e4ce0000, 0x00000000e4eade20, 0x00000000e5560000)
  to   space 8704K,   0% used [0x00000000e4460000, 0x00000000e4460000, 0x00000000e4ce0000)
 tenured generation   total 174784K, used 80486K [0x00000000eaaa0000, 0x00000000f5550000, 0x0000000100000000)
   the space 174784K,  46% used [0x00000000eaaa0000, 0x00000000ef939850, 0x00000000ef939a00, 0x00000000f5550000)
 Metaspace       used 24928K, capacity 25166K, committed 25472K, reserved 1071104K
  class space    used 3120K, capacity 3195K, committed 3200K, reserved 1048576K
Event: 15.620 GC heap after
Heap after GC invocations=18 (full 1):
 def new generation   total 78720K, used 4066K [0x00000000e0000000, 0x00000000e5560000, 0x00000000eaaa0000)
  eden space 70016K,   0% used [0x00000000e0000000, 0x00000000e0000000, 0x00000000e4460000)
  from space 8704K,  46% used [0x00000000e4460000, 0x00000000e4858870, 0x00000000e4ce0000)
  to   space 8704K,   0% used [0x00000000e4ce0000, 0x00000000e4ce0000, 0x00000000e5560000)
 tenured generation   total 174784K, used 80486K [0x00000000eaaa0000, 0x00000000f5550000, 0x0000000100000000)
   the space 174784K,  46% used [0x00000000eaaa0000, 0x00000000ef939850, 0x00000000ef939a00, 0x00000000f5550000)
 Metaspace       used 24928K, capacity 25166K, committed 25472K, reserved 1071104K
  class space    used 3120K, capacity 3195K, committed 3200K, reserved 1048576K
}
Event: 16.056 GC heap before
{Heap before GC invocations=18 (full 1):
 def new generation   total 78720K, used 74082K [0x00000000e0000000, 0x00000000e5560000, 0x00000000eaaa0000)
  eden space 70016K, 100% used [0x00000000e0000000, 0x00000000e4460000, 0x00000000e4460000)
  from space 8704K,  46% used [0x00000000e4460000, 0x00000000e4858870, 0x00000000e4ce0000)
  to   space 8704K,   0% used [0x00000000e4ce0000, 0x00000000e4ce0000, 0x00000000e5560000)
 tenured generation   total 174784K, used 80486K [0x00000000eaaa0000, 0x00000000f5550000, 0x0000000100000000)
   the space 174784K,  46% used [0x00000000eaaa0000, 0x00000000ef939850, 0x00000000ef939a00, 0x00000000f5550000)
 Metaspace       used 27266K, capacity 27616K, committed 27904K, reserved 1073152K
  class space    used 3409K, capacity 3572K, committed 3584K, reserved 1048576K
Event: 16.068 GC heap after
Heap after GC invocations=19 (full 1):
 def new generation   total 78720K, used 6080K [0x00000000e0000000, 0x00000000e5560000, 0x00000000eaaa0000)
  eden space 70016K,   0% used [0x00000000e0000000, 0x00000000e0000000, 0x00000000e4460000)
  from space 8704K,  69% used [0x00000000e4ce0000, 0x00000000e52d00b0, 0x00000000e5560000)
  to   space 8704K,   0% used [0x00000000e4460000, 0x00000000e4460000, 0x00000000e4ce0000)
 tenured generation   total 174784K, used 80486K [0x00000000eaaa0000, 0x00000000f5550000, 0x0000000100000000)
   the space 174784K,  46% used [0x00000000eaaa0000, 0x00000000ef939850, 0x00000000ef939a00, 0x00000000f5550000)
 Metaspace       used 27266K, capacity 27616K, committed 27904K, reserved 1073152K
  class space    used 3409K, capacity 3572K, committed 3584K, reserved 1048576K
}
Event: 16.488 GC heap before
{Heap before GC invocations=19 (full 1):
 def new generation   total 78720K, used 76096K [0x00000000e0000000, 0x00000000e5560000, 0x00000000eaaa0000)
  eden space 70016K, 100% used [0x00000000e0000000, 0x00000000e4460000, 0x00000000e4460000)
  from space 8704K,  69% used [0x00000000e4ce0000, 0x00000000e52d00b0, 0x00000000e5560000)
  to   space 8704K,   0% used [0x00000000e4460000, 0x00000000e4460000, 0x00000000e4ce0000)
 tenured generation   total 174784K, used 80486K [0x00000000eaaa0000, 0x00000000f5550000, 0x0000000100000000)
   the space 174784K,  46% used [0x00000000eaaa0000, 0x00000000ef939850, 0x00000000ef939a00, 0x00000000f5550000)
 Metaspace       used 29095K, capacity 29482K, committed 29696K, reserved 1075200K
  class space    used 3646K, capacity 3803K, committed 3840K, reserved 1048576K
Event: 16.500 GC heap after
Heap after GC invocations=20 (full 1):
 def new generation   total 78720K, used 5828K [0x00000000e0000000, 0x00000000e5560000, 0x00000000eaaa0000)
  eden space 70016K,   0% used [0x00000000e0000000, 0x00000000e0000000, 0x00000000e4460000)
  from space 8704K,  66% used [0x00000000e4460000, 0x00000000e4a11030, 0x00000000e4ce0000)
  to   space 8704K,   0% used [0x00000000e4ce0000, 0x00000000e4ce0000, 0x00000000e5560000)
 tenured generation   total 174784K, used 83317K [0x00000000eaaa0000, 0x00000000f5550000, 0x0000000100000000)
   the space 174784K,  47% used [0x00000000eaaa0000, 0x00000000efbfd438, 0x00000000efbfd600, 0x00000000f5550000)
 Metaspace       used 29095K, capacity 29482K, committed 29696K, reserved 1075200K
  class space    used 3646K, capacity 3803K, committed 3840K, reserved 1048576K
}
Event: 16.807 GC heap before
{Heap before GC invocations=20 (full 1):
 def new generation   total 78720K, used 75844K [0x00000000e0000000, 0x00000000e5560000, 0x00000000eaaa0000)
  eden space 70016K, 100% used [0x00000000e0000000, 0x00000000e4460000, 0x00000000e4460000)
  from space 8704K,  66% used [0x00000000e4460000, 0x00000000e4a11030, 0x00000000e4ce0000)
  to   space 8704K,   0% used [0x00000000e4ce0000, 0x00000000e4ce0000, 0x00000000e5560000)
 tenured generation   total 174784K, used 83317K [0x00000000eaaa0000, 0x00000000f5550000, 0x0000000100000000)
   the space 174784K,  47% used [0x00000000eaaa0000, 0x00000000efbfd438, 0x00000000efbfd600, 0x00000000f5550000)
 Metaspace       used 29722K, capacity 30134K, committed 30336K, reserved 1075200K
  class space    used 3787K, capacity 3933K, committed 3968K, reserved 1048576K
Event: 16.819 GC heap after
Heap after GC invocations=21 (full 1):
 def new generation   total 78720K, used 5127K [0x00000000e0000000, 0x00000000e5560000, 0x00000000eaaa0000)
  eden space 70016K,   0% used [0x00000000e0000000, 0x00000000e0000000, 0x00000000e4460000)
  from space 8704K,  58% used [0x00000000e4ce0000, 0x00000000e51e1fe0, 0x00000000e5560000)
  to   space 8704K,   0% used [0x00000000e4460000, 0x00000000e4460000, 0x00000000e4ce0000)
 tenured generation   total 174784K, used 85765K [0x00000000eaaa0000, 0x00000000f5550000, 0x0000000100000000)
   the space 174784K,  49% used [0x00000000eaaa0000, 0x00000000efe61410, 0x00000000efe61600, 0x00000000f5550000)
 Metaspace       used 29722K, capacity 30134K, committed 30336K, reserved 1075200K
  class space    used 3787K, capacity 3933K, committed 3968K, reserved 1048576K
}
Event: 17.062 GC heap before
{Heap before GC invocations=21 (full 1):
 def new generation   total 78720K, used 75143K [0x00000000e0000000, 0x00000000e5560000, 0x00000000eaaa0000)
  eden space 70016K, 100% used [0x00000000e0000000, 0x00000000e4460000, 0x00000000e4460000)
  from space 8704K,  58% used [0x00000000e4ce0000, 0x00000000e51e1fe0, 0x00000000e5560000)
  to   space 8704K,   0% used [0x00000000e4460000, 0x00000000e4460000, 0x00000000e4ce0000)
 tenured generation   total 174784K, used 85765K [0x00000000eaaa0000, 0x00000000f5550000, 0x0000000100000000)
   the space 174784K,  49% used [0x00000000eaaa0000, 0x00000000efe61410, 0x00000000efe61600, 0x00000000f5550000)
 Metaspace       used 30222K, capacity 30646K, committed 30976K, reserved 1077248K
  class space    used 3862K, capacity 3997K, committed 4096K, reserved 1048576K
Event: 17.069 GC heap after
Heap after GC invocations=22 (full 1):
 def new generation   total 78720K, used 2293K [0x00000000e0000000, 0x00000000e5560000, 0x00000000eaaa0000)
  eden space 70016K,   0% used [0x00000000e0000000, 0x00000000e0000000, 0x00000000e4460000)
  from space 8704K,  26% used [0x00000000e4460000, 0x00000000e469d7a8, 0x00000000e4ce0000)
  to   space 8704K,   0% used [0x00000000e4ce0000, 0x00000000e4ce0000, 0x00000000e5560000)
 tenured generation   total 174784K, used 87702K [0x00000000eaaa0000, 0x00000000f5550000, 0x0000000100000000)
   the space 174784K,  50% used [0x00000000eaaa0000, 0x00000000f0045988, 0x00000000f0045a00, 0x00000000f5550000)
 Metaspace       used 30222K, capacity 30646K, committed 30976K, reserved 1077248K
  class space    used 3862K, capacity 3997K, committed 4096K, reserved 1048576K
}
Event: 17.329 GC heap before
{Heap before GC invocations=22 (full 1):
 def new generation   total 78720K, used 72309K [0x00000000e0000000, 0x00000000e5560000, 0x00000000eaaa0000)
  eden space 70016K, 100% used [0x00000000e0000000, 0x00000000e4460000, 0x00000000e4460000)
  from space 8704K,  26% used [0x00000000e4460000, 0x00000000e469d7a8, 0x00000000e4ce0000)
  to   space 8704K,   0% used [0x00000000e4ce0000, 0x00000000e4ce0000, 0x00000000e5560000)
 tenured generation   total 174784K, used 87702K [0x00000000eaaa0000, 0x00000000f5550000, 0x0000000100000000)
   the space 174784K,  50% used [0x00000000eaaa0000, 0x00000000f0045988, 0x00000000f0045a00, 0x00000000f5550000)
 Metaspace       used 30745K, capacity 31158K, committed 31616K, reserved 1077248K
  class space    used 3981K, capacity 4125K, committed 4224K, reserved 1048576K
Event: 17.335 GC heap after
Heap after GC invocations=23 (full 1):
 def new generation   total 78720K, used 3619K [0x00000000e0000000, 0x00000000e5560000, 0x00000000eaaa0000)
  eden space 70016K,   0% used [0x00000000e0000000, 0x00000000e0000000, 0x00000000e4460000)
  from space 8704K,  41% used [0x00000000e4ce0000, 0x00000000e5068da0, 0x00000000e5560000)
  to   space 8704K,   0% used [0x00000000e4460000, 0x00000000e4460000, 0x00000000e4ce0000)
 tenured generation   total 174784K, used 87702K [0x00000000eaaa0000, 0x00000000f5550000, 0x0000000100000000)
   the space 174784K,  50% used [0x00000000eaaa0000, 0x00000000f0045988, 0x00000000f0045a00, 0x00000000f5550000)
 Metaspace       used 30745K, capacity 31158K, committed 31616K, reserved 1077248K
  class space    used 3981K, capacity 4125K, committed 4224K, reserved 1048576K
}
Event: 18.075 GC heap before
{Heap before GC invocations=23 (full 1):
 def new generation   total 78720K, used 73635K [0x00000000e0000000, 0x00000000e5560000, 0x00000000eaaa0000)
  eden space 70016K, 100% used [0x00000000e0000000, 0x00000000e4460000, 0x00000000e4460000)
  from space 8704K,  41% used [0x00000000e4ce0000, 0x00000000e5068da0, 0x00000000e5560000)
  to   space 8704K,   0% used [0x00000000e4460000, 0x00000000e4460000, 0x00000000e4ce0000)
 tenured generation   total 174784K, used 87702K [0x00000000eaaa0000, 0x00000000f5550000, 0x0000000100000000)
   the space 174784K,  50% used [0x00000000eaaa0000, 0x00000000f0045988, 0x00000000f0045a00, 0x00000000f5550000)
 Metaspace       used 31597K, capacity 32054K, committed 32512K, reserved 1077248K
  class space    used 4109K, capacity 4253K, committed 4352K, reserved 1048576K
Event: 18.084 GC heap after
Heap after GC invocations=24 (full 1):
 def new generation   total 78720K, used 5247K [0x00000000e0000000, 0x00000000e5560000, 0x00000000eaaa0000)
  eden space 70016K,   0% used [0x00000000e0000000, 0x00000000e0000000, 0x00000000e4460000)
  from space 8704K,  60% used [0x00000000e4460000, 0x00000000e497fc60, 0x00000000e4ce0000)
  to   space 8704K,   0% used [0x00000000e4ce0000, 0x00000000e4ce0000, 0x00000000e5560000)
 tenured generation   total 174784K, used 87702K [0x00000000eaaa0000, 0x00000000f5550000, 0x0000000100000000)
   the space 174784K,  50% used [0x00000000eaaa0000, 0x00000000f0045988, 0x00000000f0045a00, 0x00000000f5550000)
 Metaspace       used 31597K, capacity 32054K, committed 32512K, reserved 1077248K
  class space    used 4109K, capacity 4253K, committed 4352K, reserved 1048576K
}
Event: 18.467 GC heap before
{Heap before GC invocations=24 (full 1):
 def new generation   total 78720K, used 75263K [0x00000000e0000000, 0x00000000e5560000, 0x00000000eaaa0000)
  eden space 70016K, 100% used [0x00000000e0000000, 0x00000000e4460000, 0x00000000e4460000)
  from space 8704K,  60% used [0x00000000e4460000, 0x00000000e497fc60, 0x00000000e4ce0000)
  to   space 8704K,   0% used [0x00000000e4ce0000, 0x00000000e4ce0000, 0x00000000e5560000)
 tenured generation   total 174784K, used 87702K [0x00000000eaaa0000, 0x00000000f5550000, 0x0000000100000000)
   the space 174784K,  50% used [0x00000000eaaa0000, 0x00000000f0045988, 0x00000000f0045a00, 0x00000000f5550000)
 Metaspace       used 32324K, capacity 32790K, committed 33024K, reserved 1077248K
  class space    used 4238K, capacity 4349K, committed 4352K, reserved 1048576K
Event: 18.479 GC heap after
Heap after GC invocations=25 (full 1):
 def new generation   total 78720K, used 5348K [0x00000000e0000000, 0x00000000e5560000, 0x00000000eaaa0000)
  eden space 70016K,   0% used [0x00000000e0000000, 0x00000000e0000000, 0x00000000e4460000)
  from space 8704K,  61% used [0x00000000e4ce0000, 0x00000000e5219178, 0x00000000e5560000)
  to   space 8704K,   0% used [0x00000000e4460000, 0x00000000e4460000, 0x00000000e4ce0000)
 tenured generation   total 174784K, used 88934K [0x00000000eaaa0000, 0x00000000f5550000, 0x0000000100000000)
   the space 174784K,  50% used [0x00000000eaaa0000, 0x00000000f01798e0, 0x00000000f0179a00, 0x00000000f5550000)
 Metaspace       used 32324K, capacity 32790K, committed 33024K, reserved 1077248K
  class space    used 4238K, capacity 4349K, committed 4352K, reserved 1048576K
}
Event: 19.020 GC heap before
{Heap before GC invocations=25 (full 1):
 def new generation   total 78720K, used 75364K [0x00000000e0000000, 0x00000000e5560000, 0x00000000eaaa0000)
  eden space 70016K, 100% used [0x00000000e0000000, 0x00000000e4460000, 0x00000000e4460000)
  from space 8704K,  61% used [0x00000000e4ce0000, 0x00000000e5219178, 0x00000000e5560000)
  to   space 8704K,   0% used [0x00000000e4460000, 0x00000000e4460000, 0x00000000e4ce0000)
 tenured generation   total 174784K, used 88934K [0x00000000eaaa0000, 0x00000000f5550000, 0x0000000100000000)
   the space 174784K,  50% used [0x00000000eaaa0000, 0x00000000f01798e0, 0x00000000f0179a00, 0x00000000f5550000)
 Metaspace       used 33373K, capacity 33814K, committed 34048K, reserved 1079296K
  class space    used 4399K, capacity 4541K, committed 4608K, reserved 1048576K
Event: 19.033 GC heap after
Heap after GC invocations=26 (full 1):
 def new generation   total 78720K, used 4850K [0x00000000e0000000, 0x00000000e5560000, 0x00000000eaaa0000)
  eden space 70016K,   0% used [0x00000000e0000000, 0x00000000e0000000, 0x00000000e4460000)
  from space 8704K,  55% used [0x00000000e4460000, 0x00000000e491cb50, 0x00000000e4ce0000)
  to   space 8704K,   0% used [0x00000000e4ce0000, 0x00000000e4ce0000, 0x00000000e5560000)
 tenured generation   total 174784K, used 90557K [0x00000000eaaa0000, 0x00000000f5550000, 0x0000000100000000)
   the space 174784K,  51% used [0x00000000eaaa0000, 0x00000000f030f698, 0x00000000f030f800, 0x00000000f5550000)
 Metaspace       used 33373K, capacity 33814K, committed 34048K, reserved 1079296K
  class space    used 4399K, capacity 4541K, committed 4608K, reserved 1048576K
}
Event: 19.609 GC heap before
{Heap before GC invocations=26 (full 1):
 def new generation   total 78720K, used 74866K [0x00000000e0000000, 0x00000000e5560000, 0x00000000eaaa0000)
  eden space 70016K, 100% used [0x00000000e0000000, 0x00000000e4460000, 0x00000000e4460000)
  from space 8704K,  55% used [0x00000000e4460000, 0x00000000e491cb50, 0x00000000e4ce0000)
  to   space 8704K,   0% used [0x00000000e4ce0000, 0x00000000e4ce0000, 0x00000000e5560000)
 tenured generation   total 174784K, used 90557K [0x00000000eaaa0000, 0x00000000f5550000, 0x0000000100000000)
   the space 174784K,  51% used [0x00000000eaaa0000, 0x00000000f030f698, 0x00000000f030f800, 0x00000000f5550000)
 Metaspace       used 34132K, capacity 34600K, committed 34816K, reserved 1079296K
  class space    used 4475K, capacity 4608K, committed 4608K, reserved 1048576K
Event: 19.622 GC heap after
Heap after GC invocations=27 (full 1):
 def new generation   total 78720K, used 6192K [0x00000000e0000000, 0x00000000e5560000, 0x00000000eaaa0000)
  eden space 70016K,   0% used [0x00000000e0000000, 0x00000000e0000000, 0x00000000e4460000)
  from space 8704K,  71% used [0x00000000e4ce0000, 0x00000000e52ec1a0, 0x00000000e5560000)
  to   space 8704K,   0% used [0x00000000e4460000, 0x00000000e4460000, 0x00000000e4ce0000)
 tenured generation   total 174784K, used 92237K [0x00000000eaaa0000, 0x00000000f5550000, 0x0000000100000000)
   the space 174784K,  52% used [0x00000000eaaa0000, 0x00000000f04b3568, 0x00000000f04b3600, 0x00000000f5550000)
 Metaspace       used 34132K, capacity 34600K, committed 34816K, reserved 1079296K
  class space    used 4475K, capacity 4608K, committed 4608K, reserved 1048576K
}
Event: 20.423 GC heap before
{Heap before GC invocations=27 (full 1):
 def new generation   total 78720K, used 76208K [0x00000000e0000000, 0x00000000e5560000, 0x00000000eaaa0000)
  eden space 70016K, 100% used [0x00000000e0000000, 0x00000000e4460000, 0x00000000e4460000)
  from space 8704K,  71% used [0x00000000e4ce0000, 0x00000000e52ec1a0, 0x00000000e5560000)
  to   space 8704K,   0% used [0x00000000e4460000, 0x00000000e4460000, 0x00000000e4ce0000)
 tenured generation   total 174784K, used 92237K [0x00000000eaaa0000, 0x00000000f5550000, 0x0000000100000000)
   the space 174784K,  52% used [0x00000000eaaa0000, 0x00000000f04b3568, 0x00000000f04b3600, 0x00000000f5550000)
 Metaspace       used 34506K, capacity 34964K, committed 35456K, reserved 1079296K
  class space    used 4508K, capacity 4642K, committed 4736K, reserved 1048576K
Event: 20.471 GC heap after
Heap after GC invocations=28 (full 1):
 def new generation   total 78720K, used 8704K [0x00000000e0000000, 0x00000000e5560000, 0x00000000eaaa0000)
  eden space 70016K,   0% used [0x00000000e0000000, 0x00000000e0000000, 0x00000000e4460000)
  from space 8704K, 100% used [0x00000000e4460000, 0x00000000e4ce0000, 0x00000000e4ce0000)
  to   space 8704K,   0% used [0x00000000e4ce0000, 0x00000000e4ce0000, 0x00000000e5560000)
 tenured generation   total 174784K, used 107088K [0x00000000eaaa0000, 0x00000000f5550000, 0x0000000100000000)
   the space 174784K,  61% used [0x00000000eaaa0000, 0x00000000f1334240, 0x00000000f1334400, 0x00000000f5550000)
 Metaspace       used 34506K, capacity 34964K, committed 35456K, reserved 1079296K
  class space    used 4508K, capacity 4642K, committed 4736K, reserved 1048576K
}
Event: 21.323 GC heap before
{Heap before GC invocations=28 (full 1):
 def new generation   total 78720K, used 78720K [0x00000000e0000000, 0x00000000e5560000, 0x00000000eaaa0000)
  eden space 70016K, 100% used [0x00000000e0000000, 0x00000000e4460000, 0x00000000e4460000)
  from space 8704K, 100% used [0x00000000e4460000, 0x00000000e4ce0000, 0x00000000e4ce0000)
  to   space 8704K,   0% used [0x00000000e4ce0000, 0x00000000e4ce0000, 0x00000000e5560000)
 tenured generation   total 174784K, used 107088K [0x00000000eaaa0000, 0x00000000f5550000, 0x0000000100000000)
   the space 174784K,  61% used [0x00000000eaaa0000, 0x00000000f1334240, 0x00000000f1334400, 0x00000000f5550000)
 Metaspace       used 34635K, capacity 35116K, committed 35456K, reserved 1079296K
  class space    used 4520K, capacity 4646K, committed 4736K, reserved 1048576K
Event: 21.369 GC heap after
Heap after GC invocations=29 (full 1):
 def new generation   total 78720K, used 8703K [0x00000000e0000000, 0x00000000e5560000, 0x00000000eaaa0000)
  eden space 70016K,   0% used [0x00000000e0000000, 0x00000000e0000000, 0x00000000e4460000)
  from space 8704K,  99% used [0x00000000e4ce0000, 0x00000000e555fff8, 0x00000000e5560000)
  to   space 8704K,   0% used [0x00000000e4460000, 0x00000000e4460000, 0x00000000e4ce0000)
 tenured generation   total 174784K, used 127770K [0x00000000eaaa0000, 0x00000000f5550000, 0x0000000100000000)
   the space 174784K,  73% used [0x00000000eaaa0000, 0x00000000f2766a48, 0x00000000f2766c00, 0x00000000f5550000)
 Metaspace       used 34635K, capacity 35116K, committed 35456K, reserved 1079296K
  class space    used 4520K, capacity 4646K, committed 4736K, reserved 1048576K
}
Event: 21.659 GC heap before
{Heap before GC invocations=29 (full 1):
 def new generation   total 78720K, used 48315K [0x00000000e0000000, 0x00000000e5560000, 0x00000000eaaa0000)
  eden space 70016K,  56% used [0x00000000e0000000, 0x00000000e26aef60, 0x00000000e4460000)
  from space 8704K,  99% used [0x00000000e4ce0000, 0x00000000e555fff8, 0x00000000e5560000)
  to   space 8704K,   0% used [0x00000000e4460000, 0x00000000e4460000, 0x00000000e4ce0000)
 tenured generation   total 174784K, used 127770K [0x00000000eaaa0000, 0x00000000f5550000, 0x0000000100000000)
   the space 174784K,  73% used [0x00000000eaaa0000, 0x00000000f2766a48, 0x00000000f2766c00, 0x00000000f5550000)
 Metaspace       used 34788K, capacity 35218K, committed 35456K, reserved 1079296K
  class space    used 4530K, capacity 4679K, committed 4736K, reserved 1048576K
Event: 21.961 GC heap after
Heap after GC invocations=30 (full 2):
 def new generation   total 102528K, used 0K [0x00000000e0000000, 0x00000000e6f30000, 0x00000000eaaa0000)
  eden space 91200K,   0% used [0x00000000e0000000, 0x00000000e0000000, 0x00000000e5910000)
  from space 11328K,   0% used [0x00000000e5910000, 0x00000000e5910000, 0x00000000e6420000)
  to   space 11328K,   0% used [0x00000000e6420000, 0x00000000e6420000, 0x00000000e6f30000)
 tenured generation   total 227592K, used 136554K [0x00000000eaaa0000, 0x00000000f88e2000, 0x0000000100000000)
   the space 227592K,  59% used [0x00000000eaaa0000, 0x00000000f2ffa980, 0x00000000f2ffaa00, 0x00000000f88e2000)
 Metaspace       used 34788K, capacity 35218K, committed 35456K, reserved 1079296K
  class space    used 4530K, capacity 4679K, committed 4736K, reserved 1048576K
}
Event: 25.985 GC heap before
{Heap before GC invocations=30 (full 2):
 def new generation   total 102528K, used 91200K [0x00000000e0000000, 0x00000000e6f30000, 0x00000000eaaa0000)
  eden space 91200K, 100% used [0x00000000e0000000, 0x00000000e5910000, 0x00000000e5910000)
  from space 11328K,   0% used [0x00000000e5910000, 0x00000000e5910000, 0x00000000e6420000)
  to   space 11328K,   0% used [0x00000000e6420000, 0x00000000e6420000, 0x00000000e6f30000)
 tenured generation   total 227592K, used 136554K [0x00000000eaaa0000, 0x00000000f88e2000, 0x0000000100000000)
   the space 227592K,  59% used [0x00000000eaaa0000, 0x00000000f2ffa980, 0x00000000f2ffaa00, 0x00000000f88e2000)
 Metaspace       used 35360K, capacity 35858K, committed 36224K, reserved 1081344K
  class space    used 4548K, capacity 4679K, committed 4736K, reserved 1048576K
Event: 25.995 GC heap after
Heap after GC invocations=31 (full 2):
 def new generation   total 102528K, used 1097K [0x00000000e0000000, 0x00000000e6f30000, 0x00000000eaaa0000)
  eden space 91200K,   0% used [0x00000000e0000000, 0x00000000e0000000, 0x00000000e5910000)
  from space 11328K,   9% used [0x00000000e6420000, 0x00000000e65325f0, 0x00000000e6f30000)
  to   space 11328K,   0% used [0x00000000e5910000, 0x00000000e5910000, 0x00000000e6420000)
 tenured generation   total 227592K, used 136554K [0x00000000eaaa0000, 0x00000000f88e2000, 0x0000000100000000)
   the space 227592K,  59% used [0x00000000eaaa0000, 0x00000000f2ffa980, 0x00000000f2ffaa00, 0x00000000f88e2000)
 Metaspace       used 35360K, capacity 35858K, committed 36224K, reserved 1081344K
  class space    used 4548K, capacity 4679K, committed 4736K, reserved 1048576K
}
Event: 41.131 GC heap before
{Heap before GC invocations=31 (full 2):
 def new generation   total 102528K, used 92297K [0x00000000e0000000, 0x00000000e6f30000, 0x00000000eaaa0000)
  eden space 91200K, 100% used [0x00000000e0000000, 0x00000000e5910000, 0x00000000e5910000)
  from space 11328K,   9% used [0x00000000e6420000, 0x00000000e65325f0, 0x00000000e6f30000)
  to   space 11328K,   0% used [0x00000000e5910000, 0x00000000e5910000, 0x00000000e6420000)
 tenured generation   total 227592K, used 136554K [0x00000000eaaa0000, 0x00000000f88e2000, 0x0000000100000000)
   the space 227592K,  59% used [0x00000000eaaa0000, 0x00000000f2ffa980, 0x00000000f2ffaa00, 0x00000000f88e2000)
 Metaspace       used 35536K, capacity 35988K, committed 36224K, reserved 1081344K
  class space    used 4556K, capacity 4680K, committed 4736K, reserved 1048576K
Event: 41.135 GC heap after
Heap after GC invocations=32 (full 2):
 def new generation   total 102528K, used 870K [0x00000000e0000000, 0x00000000e6f30000, 0x00000000eaaa0000)
  eden space 91200K,   0% used [0x00000000e0000000, 0x00000000e0000000, 0x00000000e5910000)
  from space 11328K,   7% used [0x00000000e5910000, 0x00000000e59e9a00, 0x00000000e6420000)
  to   space 11328K,   0% used [0x00000000e6420000, 0x00000000e6420000, 0x00000000e6f30000)
 tenured generation   total 227592K, used 136554K [0x00000000eaaa0000, 0x00000000f88e2000, 0x0000000100000000)
   the space 227592K,  59% used [0x00000000eaaa0000, 0x00000000f2ffa980, 0x00000000f2ffaa00, 0x00000000f88e2000)
 Metaspace       used 35536K, capacity 35988K, committed 36224K, reserved 1081344K
  class space    used 4556K, capacity 4680K, committed 4736K, reserved 1048576K
}
Event: 57.879 GC heap before
{Heap before GC invocations=32 (full 2):
 def new generation   total 102528K, used 92070K [0x00000000e0000000, 0x00000000e6f30000, 0x00000000eaaa0000)
  eden space 91200K, 100% used [0x00000000e0000000, 0x00000000e5910000, 0x00000000e5910000)
  from space 11328K,   7% used [0x00000000e5910000, 0x00000000e59e9a00, 0x00000000e6420000)
  to   space 11328K,   0% used [0x00000000e6420000, 0x00000000e6420000, 0x00000000e6f30000)
 tenured generation   total 227592K, used 136554K [0x00000000eaaa0000, 0x00000000f88e2000, 0x0000000100000000)
   the space 227592K,  59% used [0x00000000eaaa0000, 0x00000000f2ffa980, 0x00000000f2ffaa00, 0x00000000f88e2000)
 Metaspace       used 35555K, capacity 35988K, committed 36224K, reserved 1081344K
  class space    used 4556K, capacity 4680K, committed 4736K, reserved 1048576K
Event: 57.883 GC heap after
Heap after GC invocations=33 (full 2):
 def new generation   total 102528K, used 859K [0x00000000e0000000, 0x00000000e6f30000, 0x00000000eaaa0000)
  eden space 91200K,   0% used [0x00000000e0000000, 0x00000000e0000000, 0x00000000e5910000)
  from space 11328K,   7% used [0x00000000e6420000, 0x00000000e64f6f18, 0x00000000e6f30000)
  to   space 11328K,   0% used [0x00000000e5910000, 0x00000000e5910000, 0x00000000e6420000)
 tenured generation   total 227592K, used 136554K [0x00000000eaaa0000, 0x00000000f88e2000, 0x0000000100000000)
   the space 227592K,  59% used [0x00000000eaaa0000, 0x00000000f2ffa980, 0x00000000f2ffaa00, 0x00000000f88e2000)
 Metaspace       used 35555K, capacity 35988K, committed 36224K, reserved 1081344K
  class space    used 4556K, capacity 4680K, committed 4736K, reserved 1048576K
}
Event: 71.123 GC heap before
{Heap before GC invocations=33 (full 2):
 def new generation   total 102528K, used 92059K [0x00000000e0000000, 0x00000000e6f30000, 0x00000000eaaa0000)
  eden space 91200K, 100% used [0x00000000e0000000, 0x00000000e5910000, 0x00000000e5910000)
  from space 11328K,   7% used [0x00000000e6420000, 0x00000000e64f6f18, 0x00000000e6f30000)
  to   space 11328K,   0% used [0x00000000e5910000, 0x00000000e5910000, 0x00000000e6420000)
 tenured generation   total 227592K, used 136554K [0x00000000eaaa0000, 0x00000000f88e2000, 0x0000000100000000)
   the space 227592K,  59% used [0x00000000eaaa0000, 0x00000000f2ffa980, 0x00000000f2ffaa00, 0x00000000f88e2000)
 Metaspace       used 35711K, capacity 36212K, committed 36480K, reserved 1081344K
  class space    used 4570K, capacity 4712K, committed 4736K, reserved 1048576K
Event: 71.131 GC heap after
Heap after GC invocations=34 (full 2):
 def new generation   total 102528K, used 1596K [0x00000000e0000000, 0x00000000e6f30000, 0x00000000eaaa0000)
  eden space 91200K,   0% used [0x00000000e0000000, 0x00000000e0000000, 0x00000000e5910000)
  from space 11328K,  14% used [0x00000000e5910000, 0x00000000e5a9f0b8, 0x00000000e6420000)
  to   space 11328K,   0% used [0x00000000e6420000, 0x00000000e6420000, 0x00000000e6f30000)
 tenured generation   total 227592K, used 136554K [0x00000000eaaa0000, 0x00000000f88e2000, 0x0000000100000000)
   the space 227592K,  59% used [0x00000000eaaa0000, 0x00000000f2ffa980, 0x00000000f2ffaa00, 0x00000000f88e2000)
 Metaspace       used 35711K, capacity 36212K, committed 36480K, reserved 1081344K
  class space    used 4570K, capacity 4712K, committed 4736K, reserved 1048576K
}
Event: 89.350 GC heap before
{Heap before GC invocations=34 (full 2):
 def new generation   total 102528K, used 92796K [0x00000000e0000000, 0x00000000e6f30000, 0x00000000eaaa0000)
  eden space 91200K, 100% used [0x00000000e0000000, 0x00000000e5910000, 0x00000000e5910000)
  from space 11328K,  14% used [0x00000000e5910000, 0x00000000e5a9f0b8, 0x00000000e6420000)
  to   space 11328K,   0% used [0x00000000e6420000, 0x00000000e6420000, 0x00000000e6f30000)
 tenured generation   total 227592K, used 136554K [0x00000000eaaa0000, 0x00000000f88e2000, 0x0000000100000000)
   the space 227592K,  59% used [0x00000000eaaa0000, 0x00000000f2ffa980, 0x00000000f2ffaa00, 0x00000000f88e2000)
 Metaspace       used 36231K, capacity 36662K, committed 37120K, reserved 1081344K
  class space    used 4648K, capacity 4777K, committed 4864K, reserved 1048576K
Event: 89.357 GC heap after
Heap after GC invocations=35 (full 2):
 def new generation   total 102528K, used 2079K [0x00000000e0000000, 0x00000000e6f30000, 0x00000000eaaa0000)
  eden space 91200K,   0% used [0x00000000e0000000, 0x00000000e0000000, 0x00000000e5910000)
  from space 11328K,  18% used [0x00000000e6420000, 0x00000000e6627d20, 0x00000000e6f30000)
  to   space 11328K,   0% used [0x00000000e5910000, 0x00000000e5910000, 0x00000000e6420000)
 tenured generation   total 227592K, used 136554K [0x00000000eaaa0000, 0x00000000f88e2000, 0x0000000100000000)
   the space 227592K,  59% used [0x00000000eaaa0000, 0x00000000f2ffa980, 0x00000000f2ffaa00, 0x00000000f88e2000)
 Metaspace       used 36231K, capacity 36662K, committed 37120K, reserved 1081344K
  class space    used 4648K, capacity 4777K, committed 4864K, reserved 1048576K
}
Event: 112.570 GC heap before
{Heap before GC invocations=35 (full 2):
 def new generation   total 102528K, used 93279K [0x00000000e0000000, 0x00000000e6f30000, 0x00000000eaaa0000)
  eden space 91200K, 100% used [0x00000000e0000000, 0x00000000e5910000, 0x00000000e5910000)
  from space 11328K,  18% used [0x00000000e6420000, 0x00000000e6627d20, 0x00000000e6f30000)
  to   space 11328K,   0% used [0x00000000e5910000, 0x00000000e5910000, 0x00000000e6420000)
 tenured generation   total 227592K, used 136554K [0x00000000eaaa0000, 0x00000000f88e2000, 0x0000000100000000)
   the space 227592K,  59% used [0x00000000eaaa0000, 0x00000000f2ffa980, 0x00000000f2ffaa00, 0x00000000f88e2000)
 Metaspace       used 37070K, capacity 37590K, committed 38016K, reserved 1083392K
  class space    used 4730K, capacity 4873K, committed 4992K, reserved 1048576K
Event: 112.580 GC heap after
Heap after GC invocations=36 (full 2):
 def new generation   total 102528K, used 3977K [0x00000000e0000000, 0x00000000e6f30000, 0x00000000eaaa0000)
  eden space 91200K,   0% used [0x00000000e0000000, 0x00000000e0000000, 0x00000000e5910000)
  from space 11328K,  35% used [0x00000000e5910000, 0x00000000e5cf2788, 0x00000000e6420000)
  to   space 11328K,   0% used [0x00000000e6420000, 0x00000000e6420000, 0x00000000e6f30000)
 tenured generation   total 227592K, used 136554K [0x00000000eaaa0000, 0x00000000f88e2000, 0x0000000100000000)
   the space 227592K,  59% used [0x00000000eaaa0000, 0x00000000f2ffa980, 0x00000000f2ffaa00, 0x00000000f88e2000)
 Metaspace       used 37070K, capacity 37590K, committed 38016K, reserved 1083392K
  class space    used 4730K, capacity 4873K, committed 4992K, reserved 1048576K
}
Event: 146.391 GC heap before
{Heap before GC invocations=36 (full 2):
 def new generation   total 102528K, used 95103K [0x00000000e0000000, 0x00000000e6f30000, 0x00000000eaaa0000)
  eden space 91200K,  99% used [0x00000000e0000000, 0x00000000e58fd530, 0x00000000e5910000)
  from space 11328K,  35% used [0x00000000e5910000, 0x00000000e5cf2788, 0x00000000e6420000)
  to   space 11328K,   0% used [0x00000000e6420000, 0x00000000e6420000, 0x00000000e6f30000)
 tenured generation   total 227592K, used 136554K [0x00000000eaaa0000, 0x00000000f88e2000, 0x0000000100000000)
   the space 227592K,  59% used [0x00000000eaaa0000, 0x00000000f2ffa980, 0x00000000f2ffaa00, 0x00000000f88e2000)
 Metaspace       used 37423K, capacity 37846K, committed 38272K, reserved 1083392K
  class space    used 4740K, capacity 4873K, committed 4992K, reserved 1048576K
Event: 146.413 GC heap after
Heap after GC invocations=37 (full 2):
 def new generation   total 102528K, used 11327K [0x00000000e0000000, 0x00000000e6f30000, 0x00000000eaaa0000)
  eden space 91200K,   0% used [0x00000000e0000000, 0x00000000e0000000, 0x00000000e5910000)
  from space 11328K,  99% used [0x00000000e6420000, 0x00000000e6f2fff8, 0x00000000e6f30000)
  to   space 11328K,   0% used [0x00000000e5910000, 0x00000000e5910000, 0x00000000e6420000)
 tenured generation   total 227592K, used 142394K [0x00000000eaaa0000, 0x00000000f88e2000, 0x0000000100000000)
   the space 227592K,  62% used [0x00000000eaaa0000, 0x00000000f35ae920, 0x00000000f35aea00, 0x00000000f88e2000)
 Metaspace       used 37423K, capacity 37846K, committed 38272K, reserved 1083392K
  class space    used 4740K, capacity 4873K, committed 4992K, reserved 1048576K
}
Event: 151.585 GC heap before
{Heap before GC invocations=37 (full 2):
 def new generation   total 102528K, used 102527K [0x00000000e0000000, 0x00000000e6f30000, 0x00000000eaaa0000)
  eden space 91200K, 100% used [0x00000000e0000000, 0x00000000e5910000, 0x00000000e5910000)
  from space 11328K,  99% used [0x00000000e6420000, 0x00000000e6f2fff8, 0x00000000e6f30000)
  to   space 11328K,   0% used [0x00000000e5910000, 0x00000000e5910000, 0x00000000e6420000)
 tenured generation   total 227592K, used 142394K [0x00000000eaaa0000, 0x00000000f88e2000, 0x0000000100000000)
   the space 227592K,  62% used [0x00000000eaaa0000, 0x00000000f35ae920, 0x00000000f35aea00, 0x00000000f88e2000)
 Metaspace       used 37528K, capacity 37998K, committed 38528K, reserved 1083392K
  class space    used 4744K, capacity 4877K, committed 4992K, reserved 1048576K
Event: 151.601 GC heap after
Heap after GC invocations=38 (full 2):
 def new generation   total 102528K, used 1484K [0x00000000e0000000, 0x00000000e6f30000, 0x00000000eaaa0000)
  eden space 91200K,   0% used [0x00000000e0000000, 0x00000000e0000000, 0x00000000e5910000)
  from space 11328K,  13% used [0x00000000e5910000, 0x00000000e5a83200, 0x00000000e6420000)
  to   space 11328K,   0% used [0x00000000e6420000, 0x00000000e6420000, 0x00000000e6f30000)
 tenured generation   total 227592K, used 153138K [0x00000000eaaa0000, 0x00000000f88e2000, 0x0000000100000000)
   the space 227592K,  67% used [0x00000000eaaa0000, 0x00000000f402cbd0, 0x00000000f402cc00, 0x00000000f88e2000)
 Metaspace       used 37528K, capacity 37998K, committed 38528K, reserved 1083392K
  class space    used 4744K, capacity 4877K, committed 4992K, reserved 1048576K
}
Event: 161.381 GC heap before
{Heap before GC invocations=38 (full 2):
 def new generation   total 102528K, used 92684K [0x00000000e0000000, 0x00000000e6f30000, 0x00000000eaaa0000)
  eden space 91200K, 100% used [0x00000000e0000000, 0x00000000e5910000, 0x00000000e5910000)
  from space 11328K,  13% used [0x00000000e5910000, 0x00000000e5a83200, 0x00000000e6420000)
  to   space 11328K,   0% used [0x00000000e6420000, 0x00000000e6420000, 0x00000000e6f30000)
 tenured generation   total 227592K, used 153138K [0x00000000eaaa0000, 0x00000000f88e2000, 0x0000000100000000)
   the space 227592K,  67% used [0x00000000eaaa0000, 0x00000000f402cbd0, 0x00000000f402cc00, 0x00000000f88e2000)
 Metaspace       used 37683K, capacity 38138K, committed 38528K, reserved 1083392K
  class space    used 4747K, capacity 4879K, committed 4992K, reserved 1048576K
Event: 161.387 GC heap after
Heap after GC invocations=39 (full 2):
 def new generation   total 102528K, used 3600K [0x00000000e0000000, 0x00000000e6f30000, 0x00000000eaaa0000)
  eden space 91200K,   0% used [0x00000000e0000000, 0x00000000e0000000, 0x00000000e5910000)
  from space 11328K,  31% used [0x00000000e6420000, 0x00000000e67a41e8, 0x00000000e6f30000)
  to   space 11328K,   0% used [0x00000000e5910000, 0x00000000e5910000, 0x00000000e6420000)
 tenured generation   total 227592K, used 153138K [0x00000000eaaa0000, 0x00000000f88e2000, 0x0000000100000000)
   the space 227592K,  67% used [0x00000000eaaa0000, 0x00000000f402cbd0, 0x00000000f402cc00, 0x00000000f88e2000)
 Metaspace       used 37683K, capacity 38138K, committed 38528K, reserved 1083392K
  class space    used 4747K, capacity 4879K, committed 4992K, reserved 1048576K
}
Event: 173.829 GC heap before
{Heap before GC invocations=39 (full 2):
 def new generation   total 102528K, used 94800K [0x00000000e0000000, 0x00000000e6f30000, 0x00000000eaaa0000)
  eden space 91200K, 100% used [0x00000000e0000000, 0x00000000e5910000, 0x00000000e5910000)
  from space 11328K,  31% used [0x00000000e6420000, 0x00000000e67a41e8, 0x00000000e6f30000)
  to   space 11328K,   0% used [0x00000000e5910000, 0x00000000e5910000, 0x00000000e6420000)
 tenured generation   total 227592K, used 153138K [0x00000000eaaa0000, 0x00000000f88e2000, 0x0000000100000000)
   the space 227592K,  67% used [0x00000000eaaa0000, 0x00000000f402cbd0, 0x00000000f402cc00, 0x00000000f88e2000)
 Metaspace       used 37726K, capacity 38202K, committed 38784K, reserved 1083392K
  class space    used 4748K, capacity 4879K, committed 4992K, reserved 1048576K
Event: 173.836 GC heap after
Heap after GC invocations=40 (full 2):
 def new generation   total 102528K, used 4994K [0x00000000e0000000, 0x00000000e6f30000, 0x00000000eaaa0000)
  eden space 91200K,   0% used [0x00000000e0000000, 0x00000000e0000000, 0x00000000e5910000)
  from space 11328K,  44% used [0x00000000e5910000, 0x00000000e5df08c8, 0x00000000e6420000)
  to   space 11328K,   0% used [0x00000000e6420000, 0x00000000e6420000, 0x00000000e6f30000)
 tenured generation   total 227592K, used 153138K [0x00000000eaaa0000, 0x00000000f88e2000, 0x0000000100000000)
   the space 227592K,  67% used [0x00000000eaaa0000, 0x00000000f402cbd0, 0x00000000f402cc00, 0x00000000f88e2000)
 Metaspace       used 37726K, capacity 38202K, committed 38784K, reserved 1083392K
  class space    used 4748K, capacity 4879K, committed 4992K, reserved 1048576K
}
Event: 184.991 GC heap before
{Heap before GC invocations=40 (full 2):
 def new generation   total 102528K, used 96194K [0x00000000e0000000, 0x00000000e6f30000, 0x00000000eaaa0000)
  eden space 91200K, 100% used [0x00000000e0000000, 0x00000000e5910000, 0x00000000e5910000)
  from space 11328K,  44% used [0x00000000e5910000, 0x00000000e5df08c8, 0x00000000e6420000)
  to   space 11328K,   0% used [0x00000000e6420000, 0x00000000e6420000, 0x00000000e6f30000)
 tenured generation   total 227592K, used 153138K [0x00000000eaaa0000, 0x00000000f88e2000, 0x0000000100000000)
   the space 227592K,  67% used [0x00000000eaaa0000, 0x00000000f402cbd0, 0x00000000f402cc00, 0x00000000f88e2000)
 Metaspace       used 37807K, capacity 38304K, committed 38784K, reserved 1083392K
  class space    used 4756K, capacity 4912K, committed 4992K, reserved 1048576K
Event: 184.999 GC heap after
Heap after GC invocations=41 (full 2):
 def new generation   total 102528K, used 6996K [0x00000000e0000000, 0x00000000e6f30000, 0x00000000eaaa0000)
  eden space 91200K,   0% used [0x00000000e0000000, 0x00000000e0000000, 0x00000000e5910000)
  from space 11328K,  61% used [0x00000000e6420000, 0x00000000e6af5220, 0x00000000e6f30000)
  to   space 11328K,   0% used [0x00000000e5910000, 0x00000000e5910000, 0x00000000e6420000)
 tenured generation   total 227592K, used 153138K [0x00000000eaaa0000, 0x00000000f88e2000, 0x0000000100000000)
   the space 227592K,  67% used [0x00000000eaaa0000, 0x00000000f402cbd0, 0x00000000f402cc00, 0x00000000f88e2000)
 Metaspace       used 37807K, capacity 38304K, committed 38784K, reserved 1083392K
  class space    used 4756K, capacity 4912K, committed 4992K, reserved 1048576K
}
Event: 196.390 GC heap before
{Heap before GC invocations=41 (full 2):
 def new generation   total 102528K, used 98196K [0x00000000e0000000, 0x00000000e6f30000, 0x00000000eaaa0000)
  eden space 91200K, 100% used [0x00000000e0000000, 0x00000000e5910000, 0x00000000e5910000)
  from space 11328K,  61% used [0x00000000e6420000, 0x00000000e6af5220, 0x00000000e6f30000)
  to   space 11328K,   0% used [0x00000000e5910000, 0x00000000e5910000, 0x00000000e6420000)
 tenured generation   total 227592K, used 153138K [0x00000000eaaa0000, 0x00000000f88e2000, 0x0000000100000000)
   the space 227592K,  67% used [0x00000000eaaa0000, 0x00000000f402cbd0, 0x00000000f402cc00, 0x00000000f88e2000)
 Metaspace       used 37878K, capacity 38368K, committed 38784K, reserved 1083392K
  class space    used 4758K, capacity 4912K, committed 4992K, reserved 1048576K
Event: 196.399 GC heap after
Heap after GC invocations=42 (full 2):
 def new generation   total 102528K, used 4834K [0x00000000e0000000, 0x00000000e6f30000, 0x00000000eaaa0000)
  eden space 91200K,   0% used [0x00000000e0000000, 0x00000000e0000000, 0x00000000e5910000)
  from space 11328K,  42% used [0x00000000e5910000, 0x00000000e5dc8ba0, 0x00000000e6420000)
  to   space 11328K,   0% used [0x00000000e6420000, 0x00000000e6420000, 0x00000000e6f30000)
 tenured generation   total 227592K, used 156488K [0x00000000eaaa0000, 0x00000000f88e2000, 0x0000000100000000)
   the space 227592K,  68% used [0x00000000eaaa0000, 0x00000000f4372018, 0x00000000f4372200, 0x00000000f88e2000)
 Metaspace       used 37878K, capacity 38368K, committed 38784K, reserved 1083392K
  class space    used 4758K, capacity 4912K, committed 4992K, reserved 1048576K
}
Event: 205.534 GC heap before
{Heap before GC invocations=42 (full 2):
 def new generation   total 102528K, used 96034K [0x00000000e0000000, 0x00000000e6f30000, 0x00000000eaaa0000)
  eden space 91200K, 100% used [0x00000000e0000000, 0x00000000e5910000, 0x00000000e5910000)
  from space 11328K,  42% used [0x00000000e5910000, 0x00000000e5dc8ba0, 0x00000000e6420000)
  to   space 11328K,   0% used [0x00000000e6420000, 0x00000000e6420000, 0x00000000e6f30000)
 tenured generation   total 227592K, used 156488K [0x00000000eaaa0000, 0x00000000f88e2000, 0x0000000100000000)
   the space 227592K,  68% used [0x00000000eaaa0000, 0x00000000f4372018, 0x00000000f4372200, 0x00000000f88e2000)
 Metaspace       used 37919K, capacity 38374K, committed 38784K, reserved 1083392K
  class space    used 4758K, capacity 4913K, committed 4992K, reserved 1048576K
Event: 205.541 GC heap after
Heap after GC invocations=43 (full 2):
 def new generation   total 102528K, used 3894K [0x00000000e0000000, 0x00000000e6f30000, 0x00000000eaaa0000)
  eden space 91200K,   0% used [0x00000000e0000000, 0x00000000e0000000, 0x00000000e5910000)
  from space 11328K,  34% used [0x00000000e6420000, 0x00000000e67edb00, 0x00000000e6f30000)
  to   space 11328K,   0% used [0x00000000e5910000, 0x00000000e5910000, 0x00000000e6420000)
 tenured generation   total 227592K, used 156488K [0x00000000eaaa0000, 0x00000000f88e2000, 0x0000000100000000)
   the space 227592K,  68% used [0x00000000eaaa0000, 0x00000000f4372018, 0x00000000f4372200, 0x00000000f88e2000)
 Metaspace       used 37919K, capacity 38374K, committed 38784K, reserved 1083392K
  class space    used 4758K, capacity 4913K, committed 4992K, reserved 1048576K
}
Event: 217.788 GC heap before
{Heap before GC invocations=43 (full 2):
 def new generation   total 102528K, used 95094K [0x00000000e0000000, 0x00000000e6f30000, 0x00000000eaaa0000)
  eden space 91200K, 100% used [0x00000000e0000000, 0x00000000e5910000, 0x00000000e5910000)
  from space 11328K,  34% used [0x00000000e6420000, 0x00000000e67edb00, 0x00000000e6f30000)
  to   space 11328K,   0% used [0x00000000e5910000, 0x00000000e5910000, 0x00000000e6420000)
 tenured generation   total 227592K, used 156488K [0x00000000eaaa0000, 0x00000000f88e2000, 0x0000000100000000)
   the space 227592K,  68% used [0x00000000eaaa0000, 0x00000000f4372018, 0x00000000f4372200, 0x00000000f88e2000)
 Metaspace       used 37939K, capacity 38444K, committed 38784K, reserved 1083392K
  class space    used 4759K, capacity 4914K, committed 4992K, reserved 1048576K
Event: 217.796 GC heap after
Heap after GC invocations=44 (full 2):
 def new generation   total 102528K, used 5912K [0x00000000e0000000, 0x00000000e6f30000, 0x00000000eaaa0000)
  eden space 91200K,   0% used [0x00000000e0000000, 0x00000000e0000000, 0x00000000e5910000)
  from space 11328K,  52% used [0x00000000e5910000, 0x00000000e5ed61b0, 0x00000000e6420000)
  to   space 11328K,   0% used [0x00000000e6420000, 0x00000000e6420000, 0x00000000e6f30000)
 tenured generation   total 227592K, used 156488K [0x00000000eaaa0000, 0x00000000f88e2000, 0x0000000100000000)
   the space 227592K,  68% used [0x00000000eaaa0000, 0x00000000f4372018, 0x00000000f4372200, 0x00000000f88e2000)
 Metaspace       used 37939K, capacity 38444K, committed 38784K, reserved 1083392K
  class space    used 4759K, capacity 4914K, committed 4992K, reserved 1048576K
}
Event: 222.340 GC heap before
{Heap before GC invocations=44 (full 2):
 def new generation   total 102528K, used 97112K [0x00000000e0000000, 0x00000000e6f30000, 0x00000000eaaa0000)
  eden space 91200K, 100% used [0x00000000e0000000, 0x00000000e5910000, 0x00000000e5910000)
  from space 11328K,  52% used [0x00000000e5910000, 0x00000000e5ed61b0, 0x00000000e6420000)
  to   space 11328K,   0% used [0x00000000e6420000, 0x00000000e6420000, 0x00000000e6f30000)
 tenured generation   total 227592K, used 156488K [0x00000000eaaa0000, 0x00000000f88e2000, 0x0000000100000000)
   the space 227592K,  68% used [0x00000000eaaa0000, 0x00000000f4372018, 0x00000000f4372200, 0x00000000f88e2000)
 Metaspace       used 38018K, capacity 38546K, committed 39040K, reserved 1083392K
  class space    used 4772K, capacity 4947K, committed 4992K, reserved 1048576K
Event: 222.349 GC heap after
Heap after GC invocations=45 (full 2):
 def new generation   total 102528K, used 5475K [0x00000000e0000000, 0x00000000e6f30000, 0x00000000eaaa0000)
  eden space 91200K,   0% used [0x00000000e0000000, 0x00000000e0000000, 0x00000000e5910000)
  from space 11328K,  48% used [0x00000000e6420000, 0x00000000e6978fd0, 0x00000000e6f30000)
  to   space 11328K,   0% used [0x00000000e5910000, 0x00000000e5910000, 0x00000000e6420000)
 tenured generation   total 227592K, used 157421K [0x00000000eaaa0000, 0x00000000f88e2000, 0x0000000100000000)
   the space 227592K,  69% used [0x00000000eaaa0000, 0x00000000f445b720, 0x00000000f445b800, 0x00000000f88e2000)
 Metaspace       used 38018K, capacity 38546K, committed 39040K, reserved 1083392K
  class space    used 4772K, capacity 4947K, committed 4992K, reserved 1048576K
}
Event: 230.940 GC heap before
{Heap before GC invocations=45 (full 2):
 def new generation   total 102528K, used 96675K [0x00000000e0000000, 0x00000000e6f30000, 0x00000000eaaa0000)
  eden space 91200K, 100% used [0x00000000e0000000, 0x00000000e5910000, 0x00000000e5910000)
  from space 11328K,  48% used [0x00000000e6420000, 0x00000000e6978fd0, 0x00000000e6f30000)
  to   space 11328K,   0% used [0x00000000e5910000, 0x00000000e5910000, 0x00000000e6420000)
 tenured generation   total 227592K, used 157421K [0x00000000eaaa0000, 0x00000000f88e2000, 0x0000000100000000)
   the space 227592K,  69% used [0x00000000eaaa0000, 0x00000000f445b720, 0x00000000f445b800, 0x00000000f88e2000)
 Metaspace       used 38028K, capacity 38546K, committed 39040K, reserved 1083392K
  class space    used 4772K, capacity 4947K, committed 4992K, reserved 1048576K
Event: 230.947 GC heap after
Heap after GC invocations=46 (full 2):
 def new generation   total 102528K, used 5656K [0x00000000e0000000, 0x00000000e6f30000, 0x00000000eaaa0000)
  eden space 91200K,   0% used [0x00000000e0000000, 0x00000000e0000000, 0x00000000e5910000)
  from space 11328K,  49% used [0x00000000e5910000, 0x00000000e5e962e8, 0x00000000e6420000)
  to   space 11328K,   0% used [0x00000000e6420000, 0x00000000e6420000, 0x00000000e6f30000)
 tenured generation   total 227592K, used 157421K [0x00000000eaaa0000, 0x00000000f88e2000, 0x0000000100000000)
   the space 227592K,  69% used [0x00000000eaaa0000, 0x00000000f445b720, 0x00000000f445b800, 0x00000000f88e2000)
 Metaspace       used 38028K, capacity 38546K, committed 39040K, reserved 1083392K
  class space    used 4772K, capacity 4947K, committed 4992K, reserved 1048576K
}
Event: 240.992 GC heap before
{Heap before GC invocations=46 (full 2):
 def new generation   total 102528K, used 96856K [0x00000000e0000000, 0x00000000e6f30000, 0x00000000eaaa0000)
  eden space 91200K, 100% used [0x00000000e0000000, 0x00000000e5910000, 0x00000000e5910000)
  from space 11328K,  49% used [0x00000000e5910000, 0x00000000e5e962e8, 0x00000000e6420000)
  to   space 11328K,   0% used [0x00000000e6420000, 0x00000000e6420000, 0x00000000e6f30000)
 tenured generation   total 227592K, used 157421K [0x00000000eaaa0000, 0x00000000f88e2000, 0x0000000100000000)
   the space 227592K,  69% used [0x00000000eaaa0000, 0x00000000f445b720, 0x00000000f445b800, 0x00000000f88e2000)
 Metaspace       used 38068K, capacity 38558K, committed 39040K, reserved 1083392K
  class space    used 4775K, capacity 4949K, committed 4992K, reserved 1048576K
Event: 241.001 GC heap after
Heap after GC invocations=47 (full 2):
 def new generation   total 102528K, used 6381K [0x00000000e0000000, 0x00000000e6f30000, 0x00000000eaaa0000)
  eden space 91200K,   0% used [0x00000000e0000000, 0x00000000e0000000, 0x00000000e5910000)
  from space 11328K,  56% used [0x00000000e6420000, 0x00000000e6a5b468, 0x00000000e6f30000)
  to   space 11328K,   0% used [0x00000000e5910000, 0x00000000e5910000, 0x00000000e6420000)
 tenured generation   total 227592K, used 157421K [0x00000000eaaa0000, 0x00000000f88e2000, 0x0000000100000000)
   the space 227592K,  69% used [0x00000000eaaa0000, 0x00000000f445b720, 0x00000000f445b800, 0x00000000f88e2000)
 Metaspace       used 38068K, capacity 38558K, committed 39040K, reserved 1083392K
  class space    used 4775K, capacity 4949K, committed 4992K, reserved 1048576K
}
Event: 249.485 GC heap before
{Heap before GC invocations=47 (full 2):
 def new generation   total 102528K, used 97581K [0x00000000e0000000, 0x00000000e6f30000, 0x00000000eaaa0000)
  eden space 91200K, 100% used [0x00000000e0000000, 0x00000000e5910000, 0x00000000e5910000)
  from space 11328K,  56% used [0x00000000e6420000, 0x00000000e6a5b468, 0x00000000e6f30000)
  to   space 11328K,   0% used [0x00000000e5910000, 0x00000000e5910000, 0x00000000e6420000)
 tenured generation   total 227592K, used 157421K [0x00000000eaaa0000, 0x00000000f88e2000, 0x0000000100000000)
   the space 227592K,  69% used [0x00000000eaaa0000, 0x00000000f445b720, 0x00000000f445b800, 0x00000000f88e2000)
 Metaspace       used 38096K, capacity 38628K, committed 39040K, reserved 1083392K
  class space    used 4775K, capacity 4950K, committed 4992K, reserved 1048576K
Event: 249.493 GC heap after
Heap after GC invocations=48 (full 2):
 def new generation   total 102528K, used 3897K [0x00000000e0000000, 0x00000000e6f30000, 0x00000000eaaa0000)
  eden space 91200K,   0% used [0x00000000e0000000, 0x00000000e0000000, 0x00000000e5910000)
  from space 11328K,  34% used [0x00000000e5910000, 0x00000000e5cde478, 0x00000000e6420000)
  to   space 11328K,   0% used [0x00000000e6420000, 0x00000000e6420000, 0x00000000e6f30000)
 tenured generation   total 227592K, used 158069K [0x00000000eaaa0000, 0x00000000f88e2000, 0x0000000100000000)
   the space 227592K,  69% used [0x00000000eaaa0000, 0x00000000f44fd748, 0x00000000f44fd800, 0x00000000f88e2000)
 Metaspace       used 38096K, capacity 38628K, committed 39040K, reserved 1083392K
  class space    used 4775K, capacity 4950K, committed 4992K, reserved 1048576K
}
Event: 255.391 GC heap before
{Heap before GC invocations=48 (full 2):
 def new generation   total 102528K, used 95097K [0x00000000e0000000, 0x00000000e6f30000, 0x00000000eaaa0000)
  eden space 91200K, 100% used [0x00000000e0000000, 0x00000000e5910000, 0x00000000e5910000)
  from space 11328K,  34% used [0x00000000e5910000, 0x00000000e5cde478, 0x00000000e6420000)
  to   space 11328K,   0% used [0x00000000e6420000, 0x00000000e6420000, 0x00000000e6f30000)
 tenured generation   total 227592K, used 158069K [0x00000000eaaa0000, 0x00000000f88e2000, 0x0000000100000000)
   the space 227592K,  69% used [0x00000000eaaa0000, 0x00000000f44fd748, 0x00000000f44fd800, 0x00000000f88e2000)
 Metaspace       used 38287K, capacity 38792K, committed 39040K, reserved 1083392K
  class space    used 4785K, capacity 4956K, committed 4992K, reserved 1048576K
Event: 255.412 GC heap after
Heap after GC invocations=49 (full 2):
 def new generation   total 102528K, used 8528K [0x00000000e0000000, 0x00000000e6f30000, 0x00000000eaaa0000)
  eden space 91200K,   0% used [0x00000000e0000000, 0x00000000e0000000, 0x00000000e5910000)
  from space 11328K,  75% used [0x00000000e6420000, 0x00000000e6c74180, 0x00000000e6f30000)
  to   space 11328K,   0% used [0x00000000e5910000, 0x00000000e5910000, 0x00000000e6420000)
 tenured generation   total 227592K, used 158069K [0x00000000eaaa0000, 0x00000000f88e2000, 0x0000000100000000)
   the space 227592K,  69% used [0x00000000eaaa0000, 0x00000000f44fd748, 0x00000000f44fd800, 0x00000000f88e2000)
 Metaspace       used 38287K, capacity 38792K, committed 39040K, reserved 1083392K
  class space    used 4785K, capacity 4956K, committed 4992K, reserved 1048576K
}
Event: 260.330 GC heap before
{Heap before GC invocations=49 (full 2):
 def new generation   total 102528K, used 99728K [0x00000000e0000000, 0x00000000e6f30000, 0x00000000eaaa0000)
  eden space 91200K, 100% used [0x00000000e0000000, 0x00000000e5910000, 0x00000000e5910000)
  from space 11328K,  75% used [0x00000000e6420000, 0x00000000e6c74180, 0x00000000e6f30000)
  to   space 11328K,   0% used [0x00000000e5910000, 0x00000000e5910000, 0x00000000e6420000)
 tenured generation   total 227592K, used 158069K [0x00000000eaaa0000, 0x00000000f88e2000, 0x0000000100000000)
   the space 227592K,  69% used [0x00000000eaaa0000, 0x00000000f44fd748, 0x00000000f44fd800, 0x00000000f88e2000)
 Metaspace       used 38516K, capacity 39048K, committed 39296K, reserved 1083392K
  class space    used 4793K, capacity 4956K, committed 4992K, reserved 1048576K
Event: 260.354 GC heap after
Heap after GC invocations=50 (full 2):
 def new generation   total 102528K, used 8481K [0x00000000e0000000, 0x00000000e6f30000, 0x00000000eaaa0000)
  eden space 91200K,   0% used [0x00000000e0000000, 0x00000000e0000000, 0x00000000e5910000)
  from space 11328K,  74% used [0x00000000e5910000, 0x00000000e6158760, 0x00000000e6420000)
  to   space 11328K,   0% used [0x00000000e6420000, 0x00000000e6420000, 0x00000000e6f30000)
 tenured generation   total 227592K, used 166356K [0x00000000eaaa0000, 0x00000000f88e2000, 0x0000000100000000)
   the space 227592K,  73% used [0x00000000eaaa0000, 0x00000000f4d152c0, 0x00000000f4d15400, 0x00000000f88e2000)
 Metaspace       used 38516K, capacity 39048K, committed 39296K, reserved 1083392K
  class space    used 4793K, capacity 4956K, committed 4992K, reserved 1048576K
}
Event: 263.655 GC heap before
{Heap before GC invocations=50 (full 2):
 def new generation   total 102528K, used 99681K [0x00000000e0000000, 0x00000000e6f30000, 0x00000000eaaa0000)
  eden space 91200K, 100% used [0x00000000e0000000, 0x00000000e5910000, 0x00000000e5910000)
  from space 11328K,  74% used [0x00000000e5910000, 0x00000000e6158760, 0x00000000e6420000)
  to   space 11328K,   0% used [0x00000000e6420000, 0x00000000e6420000, 0x00000000e6f30000)
 tenured generation   total 227592K, used 166356K [0x00000000eaaa0000, 0x00000000f88e2000, 0x0000000100000000)
   the space 227592K,  73% used [0x00000000eaaa0000, 0x00000000f4d152c0, 0x00000000f4d15400, 0x00000000f88e2000)
 Metaspace       used 38604K, capacity 39176K, committed 39552K, reserved 1083392K
  class space    used 4797K, capacity 4956K, committed 4992K, reserved 1048576K
Event: 263.680 GC heap after
Heap after GC invocations=51 (full 2):
 def new generation   total 102528K, used 9481K [0x00000000e0000000, 0x00000000e6f30000, 0x00000000eaaa0000)
  eden space 91200K,   0% used [0x00000000e0000000, 0x00000000e0000000, 0x00000000e5910000)
  from space 11328K,  83% used [0x00000000e6420000, 0x00000000e6d624f8, 0x00000000e6f30000)
  to   space 11328K,   0% used [0x00000000e5910000, 0x00000000e5910000, 0x00000000e6420000)
 tenured generation   total 227592K, used 174230K [0x00000000eaaa0000, 0x00000000f88e2000, 0x0000000100000000)
   the space 227592K,  76% used [0x00000000eaaa0000, 0x00000000f54c5878, 0x00000000f54c5a00, 0x00000000f88e2000)
 Metaspace       used 38604K, capacity 39176K, committed 39552K, reserved 1083392K
  class space    used 4797K, capacity 4956K, committed 4992K, reserved 1048576K
}
Event: 266.633 GC heap before
{Heap before GC invocations=51 (full 2):
 def new generation   total 102528K, used 100681K [0x00000000e0000000, 0x00000000e6f30000, 0x00000000eaaa0000)
  eden space 91200K, 100% used [0x00000000e0000000, 0x00000000e5910000, 0x00000000e5910000)
  from space 11328K,  83% used [0x00000000e6420000, 0x00000000e6d624f8, 0x00000000e6f30000)
  to   space 11328K,   0% used [0x00000000e5910000, 0x00000000e5910000, 0x00000000e6420000)
 tenured generation   total 227592K, used 174230K [0x00000000eaaa0000, 0x00000000f88e2000, 0x0000000100000000)
   the space 227592K,  76% used [0x00000000eaaa0000, 0x00000000f54c5878, 0x00000000f54c5a00, 0x00000000f88e2000)
 Metaspace       used 38700K, capacity 39294K, committed 39552K, reserved 1083392K
  class space    used 4803K, capacity 4965K, committed 4992K, reserved 1048576K
Event: 266.663 GC heap after
Heap after GC invocations=52 (full 2):
 def new generation   total 102528K, used 11124K [0x00000000e0000000, 0x00000000e6f30000, 0x00000000eaaa0000)
  eden space 91200K,   0% used [0x00000000e0000000, 0x00000000e0000000, 0x00000000e5910000)
  from space 11328K,  98% used [0x00000000e5910000, 0x00000000e63ed308, 0x00000000e6420000)
  to   space 11328K,   0% used [0x00000000e6420000, 0x00000000e6420000, 0x00000000e6f30000)
 tenured generation   total 227592K, used 182982K [0x00000000eaaa0000, 0x00000000f88e2000, 0x0000000100000000)
   the space 227592K,  80% used [0x00000000eaaa0000, 0x00000000f5d51bf0, 0x00000000f5d51c00, 0x00000000f88e2000)
 Metaspace       used 38700K, capacity 39294K, committed 39552K, reserved 1083392K
  class space    used 4803K, capacity 4965K, committed 4992K, reserved 1048576K
}
Event: 269.616 GC heap before
{Heap before GC invocations=52 (full 2):
 def new generation   total 102528K, used 102324K [0x00000000e0000000, 0x00000000e6f30000, 0x00000000eaaa0000)
  eden space 91200K, 100% used [0x00000000e0000000, 0x00000000e5910000, 0x00000000e5910000)
  from space 11328K,  98% used [0x00000000e5910000, 0x00000000e63ed308, 0x00000000e6420000)
  to   space 11328K,   0% used [0x00000000e6420000, 0x00000000e6420000, 0x00000000e6f30000)
 tenured generation   total 227592K, used 182982K [0x00000000eaaa0000, 0x00000000f88e2000, 0x0000000100000000)
   the space 227592K,  80% used [0x00000000eaaa0000, 0x00000000f5d51bf0, 0x00000000f5d51c00, 0x00000000f88e2000)
 Metaspace       used 38786K, capacity 39390K, committed 39680K, reserved 1083392K
  class space    used 4809K, capacity 4997K, committed 5120K, reserved 1048576K
Event: 269.649 GC heap after
Heap after GC invocations=53 (full 2):
 def new generation   total 102528K, used 10976K [0x00000000e0000000, 0x00000000e6f30000, 0x00000000eaaa0000)
  eden space 91200K,   0% used [0x00000000e0000000, 0x00000000e0000000, 0x00000000e5910000)
  from space 11328K,  96% used [0x00000000e6420000, 0x00000000e6ed8340, 0x00000000e6f30000)
  to   space 11328K,   0% used [0x00000000e5910000, 0x00000000e5910000, 0x00000000e6420000)
 tenured generation   total 227592K, used 193763K [0x00000000eaaa0000, 0x00000000f88e2000, 0x0000000100000000)
   the space 227592K,  85% used [0x00000000eaaa0000, 0x00000000f67d8c58, 0x00000000f67d8e00, 0x00000000f88e2000)
 Metaspace       used 38786K, capacity 39390K, committed 39680K, reserved 1083392K
  class space    used 4809K, capacity 4997K, committed 5120K, reserved 1048576K
}
Event: 276.570 GC heap before
{Heap before GC invocations=53 (full 2):
 def new generation   total 102528K, used 102176K [0x00000000e0000000, 0x00000000e6f30000, 0x00000000eaaa0000)
  eden space 91200K, 100% used [0x00000000e0000000, 0x00000000e5910000, 0x00000000e5910000)
  from space 11328K,  96% used [0x00000000e6420000, 0x00000000e6ed8340, 0x00000000e6f30000)
  to   space 11328K,   0% used [0x00000000e5910000, 0x00000000e5910000, 0x00000000e6420000)
 tenured generation   total 227592K, used 193763K [0x00000000eaaa0000, 0x00000000f88e2000, 0x0000000100000000)
   the space 227592K,  85% used [0x00000000eaaa0000, 0x00000000f67d8c58, 0x00000000f67d8e00, 0x00000000f88e2000)
 Metaspace       used 38839K, capacity 39460K, committed 39936K, reserved 1083392K
  class space    used 4809K, capacity 4998K, committed 5120K, reserved 1048576K
Event: 276.612 GC heap after
Heap after GC invocations=54 (full 2):
 def new generation   total 102528K, used 11328K [0x00000000e0000000, 0x00000000e6f30000, 0x00000000eaaa0000)
  eden space 91200K,   0% used [0x00000000e0000000, 0x00000000e0000000, 0x00000000e5910000)
  from space 11328K, 100% used [0x00000000e5910000, 0x00000000e6420000, 0x00000000e6420000)
  to   space 11328K,   0% used [0x00000000e6420000, 0x00000000e6420000, 0x00000000e6f30000)
 tenured generation   total 227592K, used 206909K [0x00000000eaaa0000, 0x00000000f88e2000, 0x0000000100000000)
   the space 227592K,  90% used [0x00000000eaaa0000, 0x00000000f74af7b0, 0x00000000f74af800, 0x00000000f88e2000)
 Metaspace       used 38839K, capacity 39460K, committed 39936K, reserved 1083392K
  class space    used 4809K, capacity 4998K, committed 5120K, reserved 1048576K
}
Event: 279.020 GC heap before
{Heap before GC invocations=54 (full 2):
 def new generation   total 102528K, used 102528K [0x00000000e0000000, 0x00000000e6f30000, 0x00000000eaaa0000)
  eden space 91200K, 100% used [0x00000000e0000000, 0x00000000e5910000, 0x00000000e5910000)
  from space 11328K, 100% used [0x00000000e5910000, 0x00000000e6420000, 0x00000000e6420000)
  to   space 11328K,   0% used [0x00000000e6420000, 0x00000000e6420000, 0x00000000e6f30000)
 tenured generation   total 227592K, used 206909K [0x00000000eaaa0000, 0x00000000f88e2000, 0x0000000100000000)
   the space 227592K,  90% used [0x00000000eaaa0000, 0x00000000f74af7b0, 0x00000000f74af800, 0x00000000f88e2000)
 Metaspace       used 38872K, capacity 39460K, committed 39936K, reserved 1083392K
  class space    used 4809K, capacity 4998K, committed 5120K, reserved 1048576K
Event: 279.053 GC heap after
Heap after GC invocations=55 (full 2):
 def new generation   total 102528K, used 11011K [0x00000000e0000000, 0x00000000e6f30000, 0x00000000eaaa0000)
  eden space 91200K,   0% used [0x00000000e0000000, 0x00000000e0000000, 0x00000000e5910000)
  from space 11328K,  97% used [0x00000000e6420000, 0x00000000e6ee0d78, 0x00000000e6f30000)
  to   space 11328K,   0% used [0x00000000e5910000, 0x00000000e5910000, 0x00000000e6420000)
 tenured generation   total 227592K, used 217977K [0x00000000eaaa0000, 0x00000000f88e2000, 0x0000000100000000)
   the space 227592K,  95% used [0x00000000eaaa0000, 0x00000000f7f7e460, 0x00000000f7f7e600, 0x00000000f88e2000)
 Metaspace       used 38872K, capacity 39460K, committed 39936K, reserved 1083392K
  class space    used 4809K, capacity 4998K, committed 5120K, reserved 1048576K
}
Event: 285.592 GC heap before
{Heap before GC invocations=55 (full 2):
 def new generation   total 102528K, used 102211K [0x00000000e0000000, 0x00000000e6f30000, 0x00000000eaaa0000)
  eden space 91200K, 100% used [0x00000000e0000000, 0x00000000e5910000, 0x00000000e5910000)
  from space 11328K,  97% used [0x00000000e6420000, 0x00000000e6ee0d78, 0x00000000e6f30000)
  to   space 11328K,   0% used [0x00000000e5910000, 0x00000000e5910000, 0x00000000e6420000)
 tenured generation   total 227592K, used 217977K [0x00000000eaaa0000, 0x00000000f88e2000, 0x0000000100000000)
   the space 227592K,  95% used [0x00000000eaaa0000, 0x00000000f7f7e460, 0x00000000f7f7e600, 0x00000000f88e2000)
 Metaspace       used 38909K, capacity 39524K, committed 39936K, reserved 1083392K
  class space    used 4810K, capacity 4998K, committed 5120K, reserved 1048576K
Event: 285.987 GC heap after
Heap after GC invocations=56 (full 3):
 def new generation   total 140480K, used 0K [0x00000000e0000000, 0x00000000e9860000, 0x00000000eaaa0000)
  eden space 124928K,   0% used [0x00000000e0000000, 0x00000000e0000000, 0x00000000e7a00000)
  from space 15552K,   0% used [0x00000000e7a00000, 0x00000000e7a00000, 0x00000000e8930000)
  to   space 15552K,   0% used [0x00000000e8930000, 0x00000000e8930000, 0x00000000e9860000)
 tenured generation   total 311968K, used 187179K [0x00000000eaaa0000, 0x00000000fdb48000, 0x0000000100000000)
   the space 311968K,  59% used [0x00000000eaaa0000, 0x00000000f616add0, 0x00000000f616ae00, 0x00000000fdb48000)
 Metaspace       used 38909K, capacity 39524K, committed 39936K, reserved 1083392K
  class space    used 4810K, capacity 4998K, committed 5120K, reserved 1048576K
}
Event: 295.925 GC heap before
{Heap before GC invocations=56 (full 3):
 def new generation   total 140480K, used 124928K [0x00000000e0000000, 0x00000000e9860000, 0x00000000eaaa0000)
  eden space 124928K, 100% used [0x00000000e0000000, 0x00000000e7a00000, 0x00000000e7a00000)
  from space 15552K,   0% used [0x00000000e7a00000, 0x00000000e7a00000, 0x00000000e8930000)
  to   space 15552K,   0% used [0x00000000e8930000, 0x00000000e8930000, 0x00000000e9860000)
 tenured generation   total 311968K, used 187179K [0x00000000eaaa0000, 0x00000000fdb48000, 0x0000000100000000)
   the space 311968K,  59% used [0x00000000eaaa0000, 0x00000000f616add0, 0x00000000f616ae00, 0x00000000fdb48000)
 Metaspace       used 38960K, capacity 39530K, committed 39936K, reserved 1083392K
  class space    used 4813K, capacity 4999K, committed 5120K, reserved 1048576K
Event: 296.014 GC heap after
Heap after GC invocations=57 (full 3):
 def new generation   total 140480K, used 15552K [0x00000000e0000000, 0x00000000e9860000, 0x00000000eaaa0000)
  eden space 124928K,   0% used [0x00000000e0000000, 0x00000000e0000000, 0x00000000e7a00000)
  from space 15552K, 100% used [0x00000000e8930000, 0x00000000e9860000, 0x00000000e9860000)
  to   space 15552K,   0% used [0x00000000e7a00000, 0x00000000e7a00000, 0x00000000e8930000)
 tenured generation   total 311968K, used 189254K [0x00000000eaaa0000, 0x00000000fdb48000, 0x0000000100000000)
   the space 311968K,  60% used [0x00000000eaaa0000, 0x00000000f63719d0, 0x00000000f6371a00, 0x00000000fdb48000)
 Metaspace       used 38960K, capacity 39530K, committed 39936K, reserved 1083392K
  class space    used 4813K, capacity 4999K, committed 5120K, reserved 1048576K
}
Event: 300.346 GC heap before
{Heap before GC invocations=57 (full 3):
 def new generation   total 140480K, used 140376K [0x00000000e0000000, 0x00000000e9860000, 0x00000000eaaa0000)
  eden space 124928K,  99% used [0x00000000e0000000, 0x00000000e79e6100, 0x00000000e7a00000)
  from space 15552K, 100% used [0x00000000e8930000, 0x00000000e9860000, 0x00000000e9860000)
  to   space 15552K,   0% used [0x00000000e7a00000, 0x00000000e7a00000, 0x00000000e8930000)
 tenured generation   total 311968K, used 189254K [0x00000000eaaa0000, 0x00000000fdb48000, 0x0000000100000000)
   the space 311968K,  60% used [0x00000000eaaa0000, 0x00000000f63719d0, 0x00000000f6371a00, 0x00000000fdb48000)
 Metaspace       used 39050K, capacity 39606K, committed 39936K, reserved 1083392K
  class space    used 4817K, capacity 5001K, committed 5120K, reserved 1048576K
Event: 300.484 GC heap after
Heap after GC invocations=58 (full 3):
 def new generation   total 140480K, used 15552K [0x00000000e0000000, 0x00000000e9860000, 0x00000000eaaa0000)
  eden space 124928K,   0% used [0x00000000e0000000, 0x00000000e0000000, 0x00000000e7a00000)
  from space 15552K, 100% used [0x00000000e7a00000, 0x00000000e8930000, 0x00000000e8930000)
  to   space 15552K,   0% used [0x00000000e8930000, 0x00000000e8930000, 0x00000000e9860000)
 tenured generation   total 311968K, used 229934K [0x00000000eaaa0000, 0x00000000fdb48000, 0x0000000100000000)
   the space 311968K,  73% used [0x00000000eaaa0000, 0x00000000f8b2b900, 0x00000000f8b2ba00, 0x00000000fdb48000)
 Metaspace       used 39050K, capacity 39606K, committed 39936K, reserved 1083392K
  class space    used 4817K, capacity 5001K, committed 5120K, reserved 1048576K
}
Event: 302.619 GC heap before
{Heap before GC invocations=58 (full 3):
 def new generation   total 140480K, used 140480K [0x00000000e0000000, 0x00000000e9860000, 0x00000000eaaa0000)
  eden space 124928K, 100% used [0x00000000e0000000, 0x00000000e7a00000, 0x00000000e7a00000)
  from space 15552K, 100% used [0x00000000e7a00000, 0x00000000e8930000, 0x00000000e8930000)
  to   space 15552K,   0% used [0x00000000e8930000, 0x00000000e8930000, 0x00000000e9860000)
 tenured generation   total 311968K, used 229934K [0x00000000eaaa0000, 0x00000000fdb48000, 0x0000000100000000)
   the space 311968K,  73% used [0x00000000eaaa0000, 0x00000000f8b2b900, 0x00000000f8b2ba00, 0x00000000fdb48000)
 Metaspace       used 39074K, capacity 39606K, committed 39936K, reserved 1083392K
  class space    used 4817K, capacity 5001K, committed 5120K, reserved 1048576K
Event: 302.658 GC heap after
Heap after GC invocations=59 (full 3):
 def new generation   total 140480K, used 2050K [0x00000000e0000000, 0x00000000e9860000, 0x00000000eaaa0000)
  eden space 124928K,   0% used [0x00000000e0000000, 0x00000000e0000000, 0x00000000e7a00000)
  from space 15552K,  13% used [0x00000000e8930000, 0x00000000e8b30ac8, 0x00000000e9860000)
  to   space 15552K,   0% used [0x00000000e7a00000, 0x00000000e7a00000, 0x00000000e8930000)
 tenured generation   total 311968K, used 243002K [0x00000000eaaa0000, 0x00000000fdb48000, 0x0000000100000000)
   the space 311968K,  77% used [0x00000000eaaa0000, 0x00000000f97ee9b0, 0x00000000f97eea00, 0x00000000fdb48000)
 Metaspace       used 39074K, capacity 39606K, committed 39936K, reserved 1083392K
  class space    used 4817K, capacity 5001K, committed 5120K, reserved 1048576K
}
Event: 308.412 GC heap before
{Heap before GC invocations=59 (full 3):
 def new generation   total 140480K, used 126978K [0x00000000e0000000, 0x00000000e9860000, 0x00000000eaaa0000)
  eden space 124928K, 100% used [0x00000000e0000000, 0x00000000e7a00000, 0x00000000e7a00000)
  from space 15552K,  13% used [0x00000000e8930000, 0x00000000e8b30ac8, 0x00000000e9860000)
  to   space 15552K,   0% used [0x00000000e7a00000, 0x00000000e7a00000, 0x00000000e8930000)
 tenured generation   total 311968K, used 243002K [0x00000000eaaa0000, 0x00000000fdb48000, 0x0000000100000000)
   the space 311968K,  77% used [0x00000000eaaa0000, 0x00000000f97ee9b0, 0x00000000f97eea00, 0x00000000fdb48000)
 Metaspace       used 39115K, capacity 39676K, committed 39936K, reserved 1083392K
  class space    used 4818K, capacity 5002K, committed 5120K, reserved 1048576K
Event: 308.437 GC heap after
Heap after GC invocations=60 (full 3):
 def new generation   total 140480K, used 4463K [0x00000000e0000000, 0x00000000e9860000, 0x00000000eaaa0000)
  eden space 124928K,   0% used [0x00000000e0000000, 0x00000000e0000000, 0x00000000e7a00000)
  from space 15552K,  28% used [0x00000000e7a00000, 0x00000000e7e5bef0, 0x00000000e8930000)
  to   space 15552K,   0% used [0x00000000e8930000, 0x00000000e8930000, 0x00000000e9860000)
 tenured generation   total 311968K, used 243002K [0x00000000eaaa0000, 0x00000000fdb48000, 0x0000000100000000)
   the space 311968K,  77% used [0x00000000eaaa0000, 0x00000000f97ee9b0, 0x00000000f97eea00, 0x00000000fdb48000)
 Metaspace       used 39115K, capacity 39676K, committed 39936K, reserved 1083392K
  class space    used 4818K, capacity 5002K, committed 5120K, reserved 1048576K
}
Event: 321.411 GC heap before
{Heap before GC invocations=60 (full 3):
 def new generation   total 140480K, used 129391K [0x00000000e0000000, 0x00000000e9860000, 0x00000000eaaa0000)
  eden space 124928K, 100% used [0x00000000e0000000, 0x00000000e7a00000, 0x00000000e7a00000)
  from space 15552K,  28% used [0x00000000e7a00000, 0x00000000e7e5bef0, 0x00000000e8930000)
  to   space 15552K,   0% used [0x00000000e8930000, 0x00000000e8930000, 0x00000000e9860000)
 tenured generation   total 311968K, used 243002K [0x00000000eaaa0000, 0x00000000fdb48000, 0x0000000100000000)
   the space 311968K,  77% used [0x00000000eaaa0000, 0x00000000f97ee9b0, 0x00000000f97eea00, 0x00000000fdb48000)
 Metaspace       used 39135K, capacity 39676K, committed 39936K, reserved 1083392K
  class space    used 4818K, capacity 5002K, committed 5120K, reserved 1048576K
Event: 321.438 GC heap after
Heap after GC invocations=61 (full 3):
 def new generation   total 140480K, used 12035K [0x00000000e0000000, 0x00000000e9860000, 0x00000000eaaa0000)
  eden space 124928K,   0% used [0x00000000e0000000, 0x00000000e0000000, 0x00000000e7a00000)
  from space 15552K,  77% used [0x00000000e8930000, 0x00000000e94f0c88, 0x00000000e9860000)
  to   space 15552K,   0% used [0x00000000e7a00000, 0x00000000e7a00000, 0x00000000e8930000)
 tenured generation   total 311968K, used 243002K [0x00000000eaaa0000, 0x00000000fdb48000, 0x0000000100000000)
   the space 311968K,  77% used [0x00000000eaaa0000, 0x00000000f97ee9b0, 0x00000000f97eea00, 0x00000000fdb48000)
 Metaspace       used 39135K, capacity 39676K, committed 39936K, reserved 1083392K
  class space    used 4818K, capacity 5002K, committed 5120K, reserved 1048576K
}
Event: 321.811 GC heap before
{Heap before GC invocations=61 (full 3):
 def new generation   total 140480K, used 136963K [0x00000000e0000000, 0x00000000e9860000, 0x00000000eaaa0000)
  eden space 124928K, 100% used [0x00000000e0000000, 0x00000000e7a00000, 0x00000000e7a00000)
  from space 15552K,  77% used [0x00000000e8930000, 0x00000000e94f0c88, 0x00000000e9860000)
  to   space 15552K,   0% used [0x00000000e7a00000, 0x00000000e7a00000, 0x00000000e8930000)
 tenured generation   total 311968K, used 243002K [0x00000000eaaa0000, 0x00000000fdb48000, 0x0000000100000000)
   the space 311968K,  77% used [0x00000000eaaa0000, 0x00000000f97ee9b0, 0x00000000f97eea00, 0x00000000fdb48000)
 Metaspace       used 39166K, capacity 39694K, committed 39936K, reserved 1083392K
  class space    used 4820K, capacity 5005K, committed 5120K, reserved 1048576K
Event: 321.940 GC heap after
Heap after GC invocations=62 (full 3):
 def new generation   total 140480K, used 15551K [0x00000000e0000000, 0x00000000e9860000, 0x00000000eaaa0000)
  eden space 124928K,   0% used [0x00000000e0000000, 0x00000000e0000000, 0x00000000e7a00000)
  from space 15552K,  99% used [0x00000000e7a00000, 0x00000000e892fff8, 0x00000000e8930000)
  to   space 15552K,   0% used [0x00000000e8930000, 0x00000000e8930000, 0x00000000e9860000)
 tenured generation   total 311968K, used 291405K [0x00000000eaaa0000, 0x00000000fdb48000, 0x0000000100000000)
   the space 311968K,  93% used [0x00000000eaaa0000, 0x00000000fc7335b0, 0x00000000fc733600, 0x00000000fdb48000)
 Metaspace       used 39166K, capacity 39694K, committed 39936K, reserved 1083392K
  class space    used 4820K, capacity 5005K, committed 5120K, reserved 1048576K
}
Event: 323.333 GC heap before
{Heap before GC invocations=62 (full 3):
 def new generation   total 140480K, used 140479K [0x00000000e0000000, 0x00000000e9860000, 0x00000000eaaa0000)
  eden space 124928K, 100% used [0x00000000e0000000, 0x00000000e7a00000, 0x00000000e7a00000)
  from space 15552K,  99% used [0x00000000e7a00000, 0x00000000e892fff8, 0x00000000e8930000)
  to   space 15552K,   0% used [0x00000000e8930000, 0x00000000e8930000, 0x00000000e9860000)
 tenured generation   total 311968K, used 291405K [0x00000000eaaa0000, 0x00000000fdb48000, 0x0000000100000000)
   the space 311968K,  93% used [0x00000000eaaa0000, 0x00000000fc7335b0, 0x00000000fc733600, 0x00000000fdb48000)
 Metaspace       used 39248K, capacity 39770K, committed 40192K, reserved 1085440K
  class space    used 4828K, capacity 5007K, committed 5120K, reserved 1048576K

